<?xml version="1.0" encoding="UTF-8"?>
<testsuite xmlns:xsi="http://www.w3.org/2001/XMLSchema-instance" xsi:noNamespaceSchemaLocation="https://maven.apache.org/surefire/maven-surefire-plugin/xsd/surefire-test-report.xsd" name="com.example.webmusicplayer.WebMusicPlayerApplicationTests" time="5.615" tests="1" errors="0" skipped="0" failures="0">
  <properties>
    <property name="java.specification.version" value="18"/>
    <property name="sun.cpu.isalist" value="amd64"/>
    <property name="sun.jnu.encoding" value="Cp1252"/>
    <property name="java.class.path" value="C:\Users\Luiz Felipe\Downloads\Web-Music-Player-main\fullstack-musicarchive\backend-musicarchive\Web-Music-Player\target\test-classes;C:\Users\Luiz Felipe\Downloads\Web-Music-Player-main\fullstack-musicarchive\backend-musicarchive\Web-Music-Player\target\classes;C:\Users\Luiz Felipe\.m2\repository\org\springframework\boot\spring-boot-starter-data-mongodb\3.0.0-SNAPSHOT\spring-boot-starter-data-mongodb-3.0.0-SNAPSHOT.jar;C:\Users\Luiz Felipe\.m2\repository\org\springframework\boot\spring-boot-starter\3.0.0-SNAPSHOT\spring-boot-starter-3.0.0-SNAPSHOT.jar;C:\Users\Luiz Felipe\.m2\repository\org\springframework\boot\spring-boot\3.0.0-SNAPSHOT\spring-boot-3.0.0-SNAPSHOT.jar;C:\Users\Luiz Felipe\.m2\repository\org\springframework\boot\spring-boot-autoconfigure\3.0.0-SNAPSHOT\spring-boot-autoconfigure-3.0.0-SNAPSHOT.jar;C:\Users\Luiz Felipe\.m2\repository\org\springframework\boot\spring-boot-starter-logging\3.0.0-SNAPSHOT\spring-boot-starter-logging-3.0.0-SNAPSHOT.jar;C:\Users\Luiz Felipe\.m2\repository\ch\qos\logback\logback-classic\1.2.11\logback-classic-1.2.11.jar;C:\Users\Luiz Felipe\.m2\repository\ch\qos\logback\logback-core\1.2.11\logback-core-1.2.11.jar;C:\Users\Luiz Felipe\.m2\repository\org\apache\logging\log4j\log4j-to-slf4j\2.18.0\log4j-to-slf4j-2.18.0.jar;C:\Users\Luiz Felipe\.m2\repository\org\apache\logging\log4j\log4j-api\2.18.0\log4j-api-2.18.0.jar;C:\Users\Luiz Felipe\.m2\repository\org\slf4j\jul-to-slf4j\1.7.36\jul-to-slf4j-1.7.36.jar;C:\Users\Luiz Felipe\.m2\repository\jakarta\annotation\jakarta.annotation-api\2.0.0\jakarta.annotation-api-2.0.0.jar;C:\Users\Luiz Felipe\.m2\repository\org\yaml\snakeyaml\1.30\snakeyaml-1.30.jar;C:\Users\Luiz Felipe\.m2\repository\org\mongodb\mongodb-driver-sync\4.7.0-beta0\mongodb-driver-sync-4.7.0-beta0.jar;C:\Users\Luiz Felipe\.m2\repository\org\mongodb\bson\4.7.0-beta0\bson-4.7.0-beta0.jar;C:\Users\Luiz Felipe\.m2\repository\org\mongodb\mongodb-driver-core\4.7.0-beta0\mongodb-driver-core-4.7.0-beta0.jar;C:\Users\Luiz Felipe\.m2\repository\org\mongodb\bson-record-codec\4.7.0-beta0\bson-record-codec-4.7.0-beta0.jar;C:\Users\Luiz Felipe\.m2\repository\org\springframework\data\spring-data-mongodb\4.0.0-M5\spring-data-mongodb-4.0.0-M5.jar;C:\Users\Luiz Felipe\.m2\repository\org\springframework\spring-tx\6.0.0-SNAPSHOT\spring-tx-6.0.0-SNAPSHOT.jar;C:\Users\Luiz Felipe\.m2\repository\org\springframework\spring-context\6.0.0-SNAPSHOT\spring-context-6.0.0-SNAPSHOT.jar;C:\Users\Luiz Felipe\.m2\repository\org\springframework\spring-beans\6.0.0-SNAPSHOT\spring-beans-6.0.0-SNAPSHOT.jar;C:\Users\Luiz Felipe\.m2\repository\org\springframework\spring-expression\6.0.0-SNAPSHOT\spring-expression-6.0.0-SNAPSHOT.jar;C:\Users\Luiz Felipe\.m2\repository\org\springframework\data\spring-data-commons\3.0.0-M5\spring-data-commons-3.0.0-M5.jar;C:\Users\Luiz Felipe\.m2\repository\org\slf4j\slf4j-api\1.7.36\slf4j-api-1.7.36.jar;C:\Users\Luiz Felipe\.m2\repository\org\springframework\boot\spring-boot-starter-thymeleaf\3.0.0-SNAPSHOT\spring-boot-starter-thymeleaf-3.0.0-SNAPSHOT.jar;C:\Users\Luiz Felipe\.m2\repository\org\thymeleaf\thymeleaf-spring6\3.1.0.M2\thymeleaf-spring6-3.1.0.M2.jar;C:\Users\Luiz Felipe\.m2\repository\org\thymeleaf\thymeleaf\3.1.0.M2\thymeleaf-3.1.0.M2.jar;C:\Users\Luiz Felipe\.m2\repository\org\attoparser\attoparser\2.0.5.RELEASE\attoparser-2.0.5.RELEASE.jar;C:\Users\Luiz Felipe\.m2\repository\org\unbescape\unbescape\1.1.6.RELEASE\unbescape-1.1.6.RELEASE.jar;C:\Users\Luiz Felipe\.m2\repository\org\thymeleaf\extras\thymeleaf-extras-java8time\3.0.4.RELEASE\thymeleaf-extras-java8time-3.0.4.RELEASE.jar;C:\Users\Luiz Felipe\.m2\repository\org\springframework\boot\spring-boot-starter-web\3.0.0-SNAPSHOT\spring-boot-starter-web-3.0.0-SNAPSHOT.jar;C:\Users\Luiz Felipe\.m2\repository\org\springframework\boot\spring-boot-starter-json\3.0.0-SNAPSHOT\spring-boot-starter-json-3.0.0-SNAPSHOT.jar;C:\Users\Luiz Felipe\.m2\repository\com\fasterxml\jackson\core\jackson-databind\2.13.3\jackson-databind-2.13.3.jar;C:\Users\Luiz Felipe\.m2\repository\com\fasterxml\jackson\core\jackson-annotations\2.13.3\jackson-annotations-2.13.3.jar;C:\Users\Luiz Felipe\.m2\repository\com\fasterxml\jackson\core\jackson-core\2.13.3\jackson-core-2.13.3.jar;C:\Users\Luiz Felipe\.m2\repository\com\fasterxml\jackson\datatype\jackson-datatype-jdk8\2.13.3\jackson-datatype-jdk8-2.13.3.jar;C:\Users\Luiz Felipe\.m2\repository\com\fasterxml\jackson\datatype\jackson-datatype-jsr310\2.13.3\jackson-datatype-jsr310-2.13.3.jar;C:\Users\Luiz Felipe\.m2\repository\com\fasterxml\jackson\module\jackson-module-parameter-names\2.13.3\jackson-module-parameter-names-2.13.3.jar;C:\Users\Luiz Felipe\.m2\repository\org\springframework\boot\spring-boot-starter-tomcat\3.0.0-SNAPSHOT\spring-boot-starter-tomcat-3.0.0-SNAPSHOT.jar;C:\Users\Luiz Felipe\.m2\repository\org\apache\tomcat\embed\tomcat-embed-core\10.0.22\tomcat-embed-core-10.0.22.jar;C:\Users\Luiz Felipe\.m2\repository\org\apache\tomcat\embed\tomcat-embed-el\10.0.22\tomcat-embed-el-10.0.22.jar;C:\Users\Luiz Felipe\.m2\repository\org\apache\tomcat\embed\tomcat-embed-websocket\10.0.22\tomcat-embed-websocket-10.0.22.jar;C:\Users\Luiz Felipe\.m2\repository\org\springframework\spring-web\6.0.0-SNAPSHOT\spring-web-6.0.0-SNAPSHOT.jar;C:\Users\Luiz Felipe\.m2\repository\org\springframework\spring-webmvc\6.0.0-SNAPSHOT\spring-webmvc-6.0.0-SNAPSHOT.jar;C:\Users\Luiz Felipe\.m2\repository\org\springframework\spring-aop\6.0.0-SNAPSHOT\spring-aop-6.0.0-SNAPSHOT.jar;C:\Users\Luiz Felipe\.m2\repository\org\projectlombok\lombok\1.18.24\lombok-1.18.24.jar;C:\Users\Luiz Felipe\.m2\repository\org\springframework\boot\spring-boot-starter-test\3.0.0-SNAPSHOT\spring-boot-starter-test-3.0.0-SNAPSHOT.jar;C:\Users\Luiz Felipe\.m2\repository\org\springframework\boot\spring-boot-test\3.0.0-SNAPSHOT\spring-boot-test-3.0.0-SNAPSHOT.jar;C:\Users\Luiz Felipe\.m2\repository\org\springframework\boot\spring-boot-test-autoconfigure\3.0.0-SNAPSHOT\spring-boot-test-autoconfigure-3.0.0-SNAPSHOT.jar;C:\Users\Luiz Felipe\.m2\repository\com\jayway\jsonpath\json-path\2.7.0\json-path-2.7.0.jar;C:\Users\Luiz Felipe\.m2\repository\net\minidev\json-smart\2.4.8\json-smart-2.4.8.jar;C:\Users\Luiz Felipe\.m2\repository\net\minidev\accessors-smart\2.4.8\accessors-smart-2.4.8.jar;C:\Users\Luiz Felipe\.m2\repository\org\ow2\asm\asm\9.1\asm-9.1.jar;C:\Users\Luiz Felipe\.m2\repository\jakarta\xml\bind\jakarta.xml.bind-api\3.0.1\jakarta.xml.bind-api-3.0.1.jar;C:\Users\Luiz Felipe\.m2\repository\com\sun\activation\jakarta.activation\2.0.1\jakarta.activation-2.0.1.jar;C:\Users\Luiz Felipe\.m2\repository\org\assertj\assertj-core\3.23.1\assertj-core-3.23.1.jar;C:\Users\Luiz Felipe\.m2\repository\net\bytebuddy\byte-buddy\1.12.12\byte-buddy-1.12.12.jar;C:\Users\Luiz Felipe\.m2\repository\org\hamcrest\hamcrest\2.2\hamcrest-2.2.jar;C:\Users\Luiz Felipe\.m2\repository\org\junit\jupiter\junit-jupiter\5.8.2\junit-jupiter-5.8.2.jar;C:\Users\Luiz Felipe\.m2\repository\org\junit\jupiter\junit-jupiter-api\5.8.2\junit-jupiter-api-5.8.2.jar;C:\Users\Luiz Felipe\.m2\repository\org\opentest4j\opentest4j\1.2.0\opentest4j-1.2.0.jar;C:\Users\Luiz Felipe\.m2\repository\org\junit\platform\junit-platform-commons\1.8.2\junit-platform-commons-1.8.2.jar;C:\Users\Luiz Felipe\.m2\repository\org\apiguardian\apiguardian-api\1.1.2\apiguardian-api-1.1.2.jar;C:\Users\Luiz Felipe\.m2\repository\org\junit\jupiter\junit-jupiter-params\5.8.2\junit-jupiter-params-5.8.2.jar;C:\Users\Luiz Felipe\.m2\repository\org\junit\jupiter\junit-jupiter-engine\5.8.2\junit-jupiter-engine-5.8.2.jar;C:\Users\Luiz Felipe\.m2\repository\org\junit\platform\junit-platform-engine\1.8.2\junit-platform-engine-1.8.2.jar;C:\Users\Luiz Felipe\.m2\repository\org\mockito\mockito-core\4.6.1\mockito-core-4.6.1.jar;C:\Users\Luiz Felipe\.m2\repository\net\bytebuddy\byte-buddy-agent\1.12.12\byte-buddy-agent-1.12.12.jar;C:\Users\Luiz Felipe\.m2\repository\org\objenesis\objenesis\3.2\objenesis-3.2.jar;C:\Users\Luiz Felipe\.m2\repository\org\mockito\mockito-junit-jupiter\4.6.1\mockito-junit-jupiter-4.6.1.jar;C:\Users\Luiz Felipe\.m2\repository\org\skyscreamer\jsonassert\1.5.1\jsonassert-1.5.1.jar;C:\Users\Luiz Felipe\.m2\repository\com\vaadin\external\google\android-json\0.0.20131108.vaadin1\android-json-0.0.20131108.vaadin1.jar;C:\Users\Luiz Felipe\.m2\repository\org\springframework\spring-core\6.0.0-SNAPSHOT\spring-core-6.0.0-SNAPSHOT.jar;C:\Users\Luiz Felipe\.m2\repository\org\springframework\spring-jcl\6.0.0-SNAPSHOT\spring-jcl-6.0.0-SNAPSHOT.jar;C:\Users\Luiz Felipe\.m2\repository\org\springframework\spring-test\6.0.0-SNAPSHOT\spring-test-6.0.0-SNAPSHOT.jar;C:\Users\Luiz Felipe\.m2\repository\org\xmlunit\xmlunit-core\2.9.0\xmlunit-core-2.9.0.jar;C:\Users\Luiz Felipe\.m2\repository\com\amazonaws\aws-java-sdk-s3\1.12.277\aws-java-sdk-s3-1.12.277.jar;C:\Users\Luiz Felipe\.m2\repository\com\amazonaws\aws-java-sdk-kms\1.12.277\aws-java-sdk-kms-1.12.277.jar;C:\Users\Luiz Felipe\.m2\repository\com\amazonaws\aws-java-sdk-core\1.12.277\aws-java-sdk-core-1.12.277.jar;C:\Users\Luiz Felipe\.m2\repository\commons-logging\commons-logging\1.1.3\commons-logging-1.1.3.jar;C:\Users\Luiz Felipe\.m2\repository\commons-codec\commons-codec\1.15\commons-codec-1.15.jar;C:\Users\Luiz Felipe\.m2\repository\org\apache\httpcomponents\httpclient\4.5.13\httpclient-4.5.13.jar;C:\Users\Luiz Felipe\.m2\repository\org\apache\httpcomponents\httpcore\4.4.15\httpcore-4.4.15.jar;C:\Users\Luiz Felipe\.m2\repository\software\amazon\ion\ion-java\1.0.2\ion-java-1.0.2.jar;C:\Users\Luiz Felipe\.m2\repository\com\fasterxml\jackson\dataformat\jackson-dataformat-cbor\2.13.3\jackson-dataformat-cbor-2.13.3.jar;C:\Users\Luiz Felipe\.m2\repository\joda-time\joda-time\2.8.1\joda-time-2.8.1.jar;C:\Users\Luiz Felipe\.m2\repository\com\amazonaws\jmespath-java\1.12.277\jmespath-java-1.12.277.jar;"/>
    <property name="java.vm.vendor" value="Oracle Corporation"/>
    <property name="sun.arch.data.model" value="64"/>
    <property name="user.variant" value=""/>
    <property name="java.vendor.url" value="https://java.oracle.com/"/>
    <property name="user.timezone" value="America/Sao_Paulo"/>
    <property name="os.name" value="Windows 11"/>
    <property name="java.vm.specification.version" value="18"/>
    <property name="sun.java.launcher" value="SUN_STANDARD"/>
    <property name="user.country" value="US"/>
    <property name="sun.boot.library.path" value="C:\Program Files\Java\jdk-18.0.1.1\bin"/>
    <property name="sun.java.command" value="C:\Users\LUIZFE~1\AppData\Local\Temp\surefire17738201442298589905\surefirebooter3315888391622762768.jar C:\Users\Luiz Felipe\AppData\Local\Temp\surefire17738201442298589905 2022-08-09T09-46-41_143-jvmRun1 surefire10610182014014851494tmp surefire_01510132909104604288tmp"/>
    <property name="jdk.debug" value="release"/>
    <property name="surefire.test.class.path" value="C:\Users\Luiz Felipe\Downloads\Web-Music-Player-main\fullstack-musicarchive\backend-musicarchive\Web-Music-Player\target\test-classes;C:\Users\Luiz Felipe\Downloads\Web-Music-Player-main\fullstack-musicarchive\backend-musicarchive\Web-Music-Player\target\classes;C:\Users\Luiz Felipe\.m2\repository\org\springframework\boot\spring-boot-starter-data-mongodb\3.0.0-SNAPSHOT\spring-boot-starter-data-mongodb-3.0.0-SNAPSHOT.jar;C:\Users\Luiz Felipe\.m2\repository\org\springframework\boot\spring-boot-starter\3.0.0-SNAPSHOT\spring-boot-starter-3.0.0-SNAPSHOT.jar;C:\Users\Luiz Felipe\.m2\repository\org\springframework\boot\spring-boot\3.0.0-SNAPSHOT\spring-boot-3.0.0-SNAPSHOT.jar;C:\Users\Luiz Felipe\.m2\repository\org\springframework\boot\spring-boot-autoconfigure\3.0.0-SNAPSHOT\spring-boot-autoconfigure-3.0.0-SNAPSHOT.jar;C:\Users\Luiz Felipe\.m2\repository\org\springframework\boot\spring-boot-starter-logging\3.0.0-SNAPSHOT\spring-boot-starter-logging-3.0.0-SNAPSHOT.jar;C:\Users\Luiz Felipe\.m2\repository\ch\qos\logback\logback-classic\1.2.11\logback-classic-1.2.11.jar;C:\Users\Luiz Felipe\.m2\repository\ch\qos\logback\logback-core\1.2.11\logback-core-1.2.11.jar;C:\Users\Luiz Felipe\.m2\repository\org\apache\logging\log4j\log4j-to-slf4j\2.18.0\log4j-to-slf4j-2.18.0.jar;C:\Users\Luiz Felipe\.m2\repository\org\apache\logging\log4j\log4j-api\2.18.0\log4j-api-2.18.0.jar;C:\Users\Luiz Felipe\.m2\repository\org\slf4j\jul-to-slf4j\1.7.36\jul-to-slf4j-1.7.36.jar;C:\Users\Luiz Felipe\.m2\repository\jakarta\annotation\jakarta.annotation-api\2.0.0\jakarta.annotation-api-2.0.0.jar;C:\Users\Luiz Felipe\.m2\repository\org\yaml\snakeyaml\1.30\snakeyaml-1.30.jar;C:\Users\Luiz Felipe\.m2\repository\org\mongodb\mongodb-driver-sync\4.7.0-beta0\mongodb-driver-sync-4.7.0-beta0.jar;C:\Users\Luiz Felipe\.m2\repository\org\mongodb\bson\4.7.0-beta0\bson-4.7.0-beta0.jar;C:\Users\Luiz Felipe\.m2\repository\org\mongodb\mongodb-driver-core\4.7.0-beta0\mongodb-driver-core-4.7.0-beta0.jar;C:\Users\Luiz Felipe\.m2\repository\org\mongodb\bson-record-codec\4.7.0-beta0\bson-record-codec-4.7.0-beta0.jar;C:\Users\Luiz Felipe\.m2\repository\org\springframework\data\spring-data-mongodb\4.0.0-M5\spring-data-mongodb-4.0.0-M5.jar;C:\Users\Luiz Felipe\.m2\repository\org\springframework\spring-tx\6.0.0-SNAPSHOT\spring-tx-6.0.0-SNAPSHOT.jar;C:\Users\Luiz Felipe\.m2\repository\org\springframework\spring-context\6.0.0-SNAPSHOT\spring-context-6.0.0-SNAPSHOT.jar;C:\Users\Luiz Felipe\.m2\repository\org\springframework\spring-beans\6.0.0-SNAPSHOT\spring-beans-6.0.0-SNAPSHOT.jar;C:\Users\Luiz Felipe\.m2\repository\org\springframework\spring-expression\6.0.0-SNAPSHOT\spring-expression-6.0.0-SNAPSHOT.jar;C:\Users\Luiz Felipe\.m2\repository\org\springframework\data\spring-data-commons\3.0.0-M5\spring-data-commons-3.0.0-M5.jar;C:\Users\Luiz Felipe\.m2\repository\org\slf4j\slf4j-api\1.7.36\slf4j-api-1.7.36.jar;C:\Users\Luiz Felipe\.m2\repository\org\springframework\boot\spring-boot-starter-thymeleaf\3.0.0-SNAPSHOT\spring-boot-starter-thymeleaf-3.0.0-SNAPSHOT.jar;C:\Users\Luiz Felipe\.m2\repository\org\thymeleaf\thymeleaf-spring6\3.1.0.M2\thymeleaf-spring6-3.1.0.M2.jar;C:\Users\Luiz Felipe\.m2\repository\org\thymeleaf\thymeleaf\3.1.0.M2\thymeleaf-3.1.0.M2.jar;C:\Users\Luiz Felipe\.m2\repository\org\attoparser\attoparser\2.0.5.RELEASE\attoparser-2.0.5.RELEASE.jar;C:\Users\Luiz Felipe\.m2\repository\org\unbescape\unbescape\1.1.6.RELEASE\unbescape-1.1.6.RELEASE.jar;C:\Users\Luiz Felipe\.m2\repository\org\thymeleaf\extras\thymeleaf-extras-java8time\3.0.4.RELEASE\thymeleaf-extras-java8time-3.0.4.RELEASE.jar;C:\Users\Luiz Felipe\.m2\repository\org\springframework\boot\spring-boot-starter-web\3.0.0-SNAPSHOT\spring-boot-starter-web-3.0.0-SNAPSHOT.jar;C:\Users\Luiz Felipe\.m2\repository\org\springframework\boot\spring-boot-starter-json\3.0.0-SNAPSHOT\spring-boot-starter-json-3.0.0-SNAPSHOT.jar;C:\Users\Luiz Felipe\.m2\repository\com\fasterxml\jackson\core\jackson-databind\2.13.3\jackson-databind-2.13.3.jar;C:\Users\Luiz Felipe\.m2\repository\com\fasterxml\jackson\core\jackson-annotations\2.13.3\jackson-annotations-2.13.3.jar;C:\Users\Luiz Felipe\.m2\repository\com\fasterxml\jackson\core\jackson-core\2.13.3\jackson-core-2.13.3.jar;C:\Users\Luiz Felipe\.m2\repository\com\fasterxml\jackson\datatype\jackson-datatype-jdk8\2.13.3\jackson-datatype-jdk8-2.13.3.jar;C:\Users\Luiz Felipe\.m2\repository\com\fasterxml\jackson\datatype\jackson-datatype-jsr310\2.13.3\jackson-datatype-jsr310-2.13.3.jar;C:\Users\Luiz Felipe\.m2\repository\com\fasterxml\jackson\module\jackson-module-parameter-names\2.13.3\jackson-module-parameter-names-2.13.3.jar;C:\Users\Luiz Felipe\.m2\repository\org\springframework\boot\spring-boot-starter-tomcat\3.0.0-SNAPSHOT\spring-boot-starter-tomcat-3.0.0-SNAPSHOT.jar;C:\Users\Luiz Felipe\.m2\repository\org\apache\tomcat\embed\tomcat-embed-core\10.0.22\tomcat-embed-core-10.0.22.jar;C:\Users\Luiz Felipe\.m2\repository\org\apache\tomcat\embed\tomcat-embed-el\10.0.22\tomcat-embed-el-10.0.22.jar;C:\Users\Luiz Felipe\.m2\repository\org\apache\tomcat\embed\tomcat-embed-websocket\10.0.22\tomcat-embed-websocket-10.0.22.jar;C:\Users\Luiz Felipe\.m2\repository\org\springframework\spring-web\6.0.0-SNAPSHOT\spring-web-6.0.0-SNAPSHOT.jar;C:\Users\Luiz Felipe\.m2\repository\org\springframework\spring-webmvc\6.0.0-SNAPSHOT\spring-webmvc-6.0.0-SNAPSHOT.jar;C:\Users\Luiz Felipe\.m2\repository\org\springframework\spring-aop\6.0.0-SNAPSHOT\spring-aop-6.0.0-SNAPSHOT.jar;C:\Users\Luiz Felipe\.m2\repository\org\projectlombok\lombok\1.18.24\lombok-1.18.24.jar;C:\Users\Luiz Felipe\.m2\repository\org\springframework\boot\spring-boot-starter-test\3.0.0-SNAPSHOT\spring-boot-starter-test-3.0.0-SNAPSHOT.jar;C:\Users\Luiz Felipe\.m2\repository\org\springframework\boot\spring-boot-test\3.0.0-SNAPSHOT\spring-boot-test-3.0.0-SNAPSHOT.jar;C:\Users\Luiz Felipe\.m2\repository\org\springframework\boot\spring-boot-test-autoconfigure\3.0.0-SNAPSHOT\spring-boot-test-autoconfigure-3.0.0-SNAPSHOT.jar;C:\Users\Luiz Felipe\.m2\repository\com\jayway\jsonpath\json-path\2.7.0\json-path-2.7.0.jar;C:\Users\Luiz Felipe\.m2\repository\net\minidev\json-smart\2.4.8\json-smart-2.4.8.jar;C:\Users\Luiz Felipe\.m2\repository\net\minidev\accessors-smart\2.4.8\accessors-smart-2.4.8.jar;C:\Users\Luiz Felipe\.m2\repository\org\ow2\asm\asm\9.1\asm-9.1.jar;C:\Users\Luiz Felipe\.m2\repository\jakarta\xml\bind\jakarta.xml.bind-api\3.0.1\jakarta.xml.bind-api-3.0.1.jar;C:\Users\Luiz Felipe\.m2\repository\com\sun\activation\jakarta.activation\2.0.1\jakarta.activation-2.0.1.jar;C:\Users\Luiz Felipe\.m2\repository\org\assertj\assertj-core\3.23.1\assertj-core-3.23.1.jar;C:\Users\Luiz Felipe\.m2\repository\net\bytebuddy\byte-buddy\1.12.12\byte-buddy-1.12.12.jar;C:\Users\Luiz Felipe\.m2\repository\org\hamcrest\hamcrest\2.2\hamcrest-2.2.jar;C:\Users\Luiz Felipe\.m2\repository\org\junit\jupiter\junit-jupiter\5.8.2\junit-jupiter-5.8.2.jar;C:\Users\Luiz Felipe\.m2\repository\org\junit\jupiter\junit-jupiter-api\5.8.2\junit-jupiter-api-5.8.2.jar;C:\Users\Luiz Felipe\.m2\repository\org\opentest4j\opentest4j\1.2.0\opentest4j-1.2.0.jar;C:\Users\Luiz Felipe\.m2\repository\org\junit\platform\junit-platform-commons\1.8.2\junit-platform-commons-1.8.2.jar;C:\Users\Luiz Felipe\.m2\repository\org\apiguardian\apiguardian-api\1.1.2\apiguardian-api-1.1.2.jar;C:\Users\Luiz Felipe\.m2\repository\org\junit\jupiter\junit-jupiter-params\5.8.2\junit-jupiter-params-5.8.2.jar;C:\Users\Luiz Felipe\.m2\repository\org\junit\jupiter\junit-jupiter-engine\5.8.2\junit-jupiter-engine-5.8.2.jar;C:\Users\Luiz Felipe\.m2\repository\org\junit\platform\junit-platform-engine\1.8.2\junit-platform-engine-1.8.2.jar;C:\Users\Luiz Felipe\.m2\repository\org\mockito\mockito-core\4.6.1\mockito-core-4.6.1.jar;C:\Users\Luiz Felipe\.m2\repository\net\bytebuddy\byte-buddy-agent\1.12.12\byte-buddy-agent-1.12.12.jar;C:\Users\Luiz Felipe\.m2\repository\org\objenesis\objenesis\3.2\objenesis-3.2.jar;C:\Users\Luiz Felipe\.m2\repository\org\mockito\mockito-junit-jupiter\4.6.1\mockito-junit-jupiter-4.6.1.jar;C:\Users\Luiz Felipe\.m2\repository\org\skyscreamer\jsonassert\1.5.1\jsonassert-1.5.1.jar;C:\Users\Luiz Felipe\.m2\repository\com\vaadin\external\google\android-json\0.0.20131108.vaadin1\android-json-0.0.20131108.vaadin1.jar;C:\Users\Luiz Felipe\.m2\repository\org\springframework\spring-core\6.0.0-SNAPSHOT\spring-core-6.0.0-SNAPSHOT.jar;C:\Users\Luiz Felipe\.m2\repository\org\springframework\spring-jcl\6.0.0-SNAPSHOT\spring-jcl-6.0.0-SNAPSHOT.jar;C:\Users\Luiz Felipe\.m2\repository\org\springframework\spring-test\6.0.0-SNAPSHOT\spring-test-6.0.0-SNAPSHOT.jar;C:\Users\Luiz Felipe\.m2\repository\org\xmlunit\xmlunit-core\2.9.0\xmlunit-core-2.9.0.jar;C:\Users\Luiz Felipe\.m2\repository\com\amazonaws\aws-java-sdk-s3\1.12.277\aws-java-sdk-s3-1.12.277.jar;C:\Users\Luiz Felipe\.m2\repository\com\amazonaws\aws-java-sdk-kms\1.12.277\aws-java-sdk-kms-1.12.277.jar;C:\Users\Luiz Felipe\.m2\repository\com\amazonaws\aws-java-sdk-core\1.12.277\aws-java-sdk-core-1.12.277.jar;C:\Users\Luiz Felipe\.m2\repository\commons-logging\commons-logging\1.1.3\commons-logging-1.1.3.jar;C:\Users\Luiz Felipe\.m2\repository\commons-codec\commons-codec\1.15\commons-codec-1.15.jar;C:\Users\Luiz Felipe\.m2\repository\org\apache\httpcomponents\httpclient\4.5.13\httpclient-4.5.13.jar;C:\Users\Luiz Felipe\.m2\repository\org\apache\httpcomponents\httpcore\4.4.15\httpcore-4.4.15.jar;C:\Users\Luiz Felipe\.m2\repository\software\amazon\ion\ion-java\1.0.2\ion-java-1.0.2.jar;C:\Users\Luiz Felipe\.m2\repository\com\fasterxml\jackson\dataformat\jackson-dataformat-cbor\2.13.3\jackson-dataformat-cbor-2.13.3.jar;C:\Users\Luiz Felipe\.m2\repository\joda-time\joda-time\2.8.1\joda-time-2.8.1.jar;C:\Users\Luiz Felipe\.m2\repository\com\amazonaws\jmespath-java\1.12.277\jmespath-java-1.12.277.jar;"/>
    <property name="sun.cpu.endian" value="little"/>
    <property name="user.home" value="C:\Users\Luiz Felipe"/>
    <property name="user.language" value="en"/>
    <property name="java.specification.vendor" value="Oracle Corporation"/>
    <property name="java.version.date" value="2022-04-22"/>
    <property name="java.home" value="C:\Program Files\Java\jdk-18.0.1.1"/>
    <property name="file.separator" value="\"/>
    <property name="basedir" value="C:\Users\Luiz Felipe\Downloads\Web-Music-Player-main\fullstack-musicarchive\backend-musicarchive\Web-Music-Player"/>
    <property name="java.vm.compressedOopsMode" value="Zero based"/>
    <property name="line.separator" value="&#10;"/>
    <property name="java.vm.specification.vendor" value="Oracle Corporation"/>
    <property name="java.specification.name" value="Java Platform API Specification"/>
    <property name="surefire.real.class.path" value="C:\Users\LUIZFE~1\AppData\Local\Temp\surefire17738201442298589905\surefirebooter3315888391622762768.jar"/>
    <property name="user.script" value=""/>
    <property name="sun.management.compiler" value="HotSpot 64-Bit Tiered Compilers"/>
    <property name="java.runtime.version" value="18.0.1.1+2-6"/>
    <property name="user.name" value="Luiz Felipe"/>
    <property name="path.separator" value=";"/>
    <property name="os.version" value="10.0"/>
    <property name="java.runtime.name" value="Java(TM) SE Runtime Environment"/>
    <property name="file.encoding" value="UTF-8"/>
    <property name="java.vm.name" value="Java HotSpot(TM) 64-Bit Server VM"/>
    <property name="localRepository" value="C:\Users\Luiz Felipe\.m2\repository"/>
    <property name="java.vendor.url.bug" value="https://bugreport.java.com/bugreport/"/>
    <property name="java.io.tmpdir" value="C:\Users\LUIZFE~1\AppData\Local\Temp\"/>
    <property name="idea.version" value="2022.1.3"/>
    <property name="java.version" value="18.0.1.1"/>
    <property name="user.dir" value="C:\Users\Luiz Felipe\Downloads\Web-Music-Player-main\fullstack-musicarchive\backend-musicarchive\Web-Music-Player"/>
    <property name="os.arch" value="amd64"/>
    <property name="java.vm.specification.name" value="Java Virtual Machine Specification"/>
    <property name="sun.os.patch.level" value=""/>
    <property name="native.encoding" value="Cp1252"/>
    <property name="java.library.path" value="C:\Program Files\Java\jdk-18.0.1.1\bin;C:\windows\Sun\Java\bin;C:\windows\system32;C:\windows;C:\Program Files\Common Files\Oracle\Java\javapath;C:\windows\system32;C:\windows;C:\windows\System32\Wbem;C:\windows\System32\WindowsPowerShell\v1.0\;C:\windows\System32\OpenSSH\;C:\Program Files\Git\cmd;C:\Program Files\nodejs\;C:\ProgramData\chocolatey\bin;C:\Users\Luiz Felipe\AppData\Local\Programs\Python\Python310\Scripts\;C:\Users\Luiz Felipe\AppData\Local\Programs\Python\Python310\;C:\Users\Luiz Felipe\AppData\Local\Microsoft\WindowsApps;C:\Users\Luiz Felipe\AppData\Roaming\npm;."/>
    <property name="java.vm.info" value="mixed mode, sharing"/>
    <property name="java.vendor" value="Oracle Corporation"/>
    <property name="java.vm.version" value="18.0.1.1+2-6"/>
    <property name="sun.io.unicode.encoding" value="UnicodeLittle"/>
    <property name="java.class.version" value="62.0"/>
  </properties>
  <testcase name="contextLoads" classname="com.example.webmusicplayer.WebMusicPlayerApplicationTests" time="0.804"/>
</testsuite>