<?xml version="1.0" encoding="UTF-8"?>
<testsuite xmlns:xsi="http://www.w3.org/2001/XMLSchema-instance" xsi:noNamespaceSchemaLocation="https://maven.apache.org/surefire/maven-surefire-plugin/xsd/surefire-test-report.xsd" name="com.example.webmusicplayer.WebMusicPlayerApplicationTests" time="2.127" tests="1" errors="1" skipped="0" failures="0">
  <properties>
    <property name="java.specification.version" value="18"/>
    <property name="sun.cpu.isalist" value="amd64"/>
    <property name="sun.jnu.encoding" value="Cp1252"/>
    <property name="java.class.path" value="C:\Users\luiz felipe\fullstack-musicarchive\backend-musicarchive\Web-Music-Player\target\test-classes;C:\Users\luiz felipe\fullstack-musicarchive\backend-musicarchive\Web-Music-Player\target\classes;C:\Users\luiz felipe\.m2\repository\org\springframework\boot\spring-boot-starter-data-mongodb\3.0.0-SNAPSHOT\spring-boot-starter-data-mongodb-3.0.0-SNAPSHOT.jar;C:\Users\luiz felipe\.m2\repository\org\springframework\boot\spring-boot-starter\3.0.0-SNAPSHOT\spring-boot-starter-3.0.0-SNAPSHOT.jar;C:\Users\luiz felipe\.m2\repository\org\springframework\boot\spring-boot\3.0.0-SNAPSHOT\spring-boot-3.0.0-SNAPSHOT.jar;C:\Users\luiz felipe\.m2\repository\org\springframework\boot\spring-boot-autoconfigure\3.0.0-SNAPSHOT\spring-boot-autoconfigure-3.0.0-SNAPSHOT.jar;C:\Users\luiz felipe\.m2\repository\org\springframework\boot\spring-boot-starter-logging\3.0.0-SNAPSHOT\spring-boot-starter-logging-3.0.0-SNAPSHOT.jar;C:\Users\luiz felipe\.m2\repository\ch\qos\logback\logback-classic\1.2.11\logback-classic-1.2.11.jar;C:\Users\luiz felipe\.m2\repository\ch\qos\logback\logback-core\1.2.11\logback-core-1.2.11.jar;C:\Users\luiz felipe\.m2\repository\org\apache\logging\log4j\log4j-to-slf4j\2.17.2\log4j-to-slf4j-2.17.2.jar;C:\Users\luiz felipe\.m2\repository\org\apache\logging\log4j\log4j-api\2.17.2\log4j-api-2.17.2.jar;C:\Users\luiz felipe\.m2\repository\org\slf4j\jul-to-slf4j\1.7.36\jul-to-slf4j-1.7.36.jar;C:\Users\luiz felipe\.m2\repository\jakarta\annotation\jakarta.annotation-api\2.0.0\jakarta.annotation-api-2.0.0.jar;C:\Users\luiz felipe\.m2\repository\org\yaml\snakeyaml\1.30\snakeyaml-1.30.jar;C:\Users\luiz felipe\.m2\repository\org\mongodb\mongodb-driver-sync\4.6.0\mongodb-driver-sync-4.6.0.jar;C:\Users\luiz felipe\.m2\repository\org\mongodb\bson\4.6.0\bson-4.6.0.jar;C:\Users\luiz felipe\.m2\repository\org\mongodb\mongodb-driver-core\4.6.0\mongodb-driver-core-4.6.0.jar;C:\Users\luiz felipe\.m2\repository\org\mongodb\bson-record-codec\4.6.0\bson-record-codec-4.6.0.jar;C:\Users\luiz felipe\.m2\repository\org\springframework\data\spring-data-mongodb\4.0.0-M4\spring-data-mongodb-4.0.0-M4.jar;C:\Users\luiz felipe\.m2\repository\org\springframework\spring-tx\6.0.0-SNAPSHOT\spring-tx-6.0.0-SNAPSHOT.jar;C:\Users\luiz felipe\.m2\repository\org\springframework\spring-context\6.0.0-SNAPSHOT\spring-context-6.0.0-SNAPSHOT.jar;C:\Users\luiz felipe\.m2\repository\org\springframework\spring-beans\6.0.0-SNAPSHOT\spring-beans-6.0.0-SNAPSHOT.jar;C:\Users\luiz felipe\.m2\repository\org\springframework\spring-expression\6.0.0-SNAPSHOT\spring-expression-6.0.0-SNAPSHOT.jar;C:\Users\luiz felipe\.m2\repository\org\springframework\data\spring-data-commons\3.0.0-M4\spring-data-commons-3.0.0-M4.jar;C:\Users\luiz felipe\.m2\repository\org\slf4j\slf4j-api\1.7.36\slf4j-api-1.7.36.jar;C:\Users\luiz felipe\.m2\repository\org\springframework\boot\spring-boot-starter-thymeleaf\3.0.0-SNAPSHOT\spring-boot-starter-thymeleaf-3.0.0-SNAPSHOT.jar;C:\Users\luiz felipe\.m2\repository\org\thymeleaf\thymeleaf-spring6\3.1.0.M2\thymeleaf-spring6-3.1.0.M2.jar;C:\Users\luiz felipe\.m2\repository\org\thymeleaf\thymeleaf\3.1.0.M2\thymeleaf-3.1.0.M2.jar;C:\Users\luiz felipe\.m2\repository\org\attoparser\attoparser\2.0.5.RELEASE\attoparser-2.0.5.RELEASE.jar;C:\Users\luiz felipe\.m2\repository\org\unbescape\unbescape\1.1.6.RELEASE\unbescape-1.1.6.RELEASE.jar;C:\Users\luiz felipe\.m2\repository\org\thymeleaf\extras\thymeleaf-extras-java8time\3.0.4.RELEASE\thymeleaf-extras-java8time-3.0.4.RELEASE.jar;C:\Users\luiz felipe\.m2\repository\org\springframework\boot\spring-boot-starter-web\3.0.0-SNAPSHOT\spring-boot-starter-web-3.0.0-SNAPSHOT.jar;C:\Users\luiz felipe\.m2\repository\org\springframework\boot\spring-boot-starter-json\3.0.0-SNAPSHOT\spring-boot-starter-json-3.0.0-SNAPSHOT.jar;C:\Users\luiz felipe\.m2\repository\com\fasterxml\jackson\core\jackson-databind\2.13.3\jackson-databind-2.13.3.jar;C:\Users\luiz felipe\.m2\repository\com\fasterxml\jackson\core\jackson-annotations\2.13.3\jackson-annotations-2.13.3.jar;C:\Users\luiz felipe\.m2\repository\com\fasterxml\jackson\core\jackson-core\2.13.3\jackson-core-2.13.3.jar;C:\Users\luiz felipe\.m2\repository\com\fasterxml\jackson\datatype\jackson-datatype-jdk8\2.13.3\jackson-datatype-jdk8-2.13.3.jar;C:\Users\luiz felipe\.m2\repository\com\fasterxml\jackson\datatype\jackson-datatype-jsr310\2.13.3\jackson-datatype-jsr310-2.13.3.jar;C:\Users\luiz felipe\.m2\repository\com\fasterxml\jackson\module\jackson-module-parameter-names\2.13.3\jackson-module-parameter-names-2.13.3.jar;C:\Users\luiz felipe\.m2\repository\org\springframework\boot\spring-boot-starter-tomcat\3.0.0-SNAPSHOT\spring-boot-starter-tomcat-3.0.0-SNAPSHOT.jar;C:\Users\luiz felipe\.m2\repository\org\apache\tomcat\embed\tomcat-embed-core\10.0.21\tomcat-embed-core-10.0.21.jar;C:\Users\luiz felipe\.m2\repository\org\apache\tomcat\embed\tomcat-embed-el\10.0.21\tomcat-embed-el-10.0.21.jar;C:\Users\luiz felipe\.m2\repository\org\apache\tomcat\embed\tomcat-embed-websocket\10.0.21\tomcat-embed-websocket-10.0.21.jar;C:\Users\luiz felipe\.m2\repository\org\springframework\spring-web\6.0.0-SNAPSHOT\spring-web-6.0.0-SNAPSHOT.jar;C:\Users\luiz felipe\.m2\repository\org\springframework\spring-webmvc\6.0.0-SNAPSHOT\spring-webmvc-6.0.0-SNAPSHOT.jar;C:\Users\luiz felipe\.m2\repository\org\springframework\spring-aop\6.0.0-SNAPSHOT\spring-aop-6.0.0-SNAPSHOT.jar;C:\Users\luiz felipe\.m2\repository\org\projectlombok\lombok\1.18.24\lombok-1.18.24.jar;C:\Users\luiz felipe\.m2\repository\org\springframework\boot\spring-boot-starter-test\3.0.0-SNAPSHOT\spring-boot-starter-test-3.0.0-SNAPSHOT.jar;C:\Users\luiz felipe\.m2\repository\org\springframework\boot\spring-boot-test\3.0.0-SNAPSHOT\spring-boot-test-3.0.0-SNAPSHOT.jar;C:\Users\luiz felipe\.m2\repository\org\springframework\boot\spring-boot-test-autoconfigure\3.0.0-SNAPSHOT\spring-boot-test-autoconfigure-3.0.0-SNAPSHOT.jar;C:\Users\luiz felipe\.m2\repository\com\jayway\jsonpath\json-path\2.7.0\json-path-2.7.0.jar;C:\Users\luiz felipe\.m2\repository\net\minidev\json-smart\2.4.8\json-smart-2.4.8.jar;C:\Users\luiz felipe\.m2\repository\net\minidev\accessors-smart\2.4.8\accessors-smart-2.4.8.jar;C:\Users\luiz felipe\.m2\repository\org\ow2\asm\asm\9.1\asm-9.1.jar;C:\Users\luiz felipe\.m2\repository\jakarta\xml\bind\jakarta.xml.bind-api\3.0.1\jakarta.xml.bind-api-3.0.1.jar;C:\Users\luiz felipe\.m2\repository\com\sun\activation\jakarta.activation\2.0.1\jakarta.activation-2.0.1.jar;C:\Users\luiz felipe\.m2\repository\org\assertj\assertj-core\3.23.1\assertj-core-3.23.1.jar;C:\Users\luiz felipe\.m2\repository\net\bytebuddy\byte-buddy\1.12.10\byte-buddy-1.12.10.jar;C:\Users\luiz felipe\.m2\repository\org\hamcrest\hamcrest\2.2\hamcrest-2.2.jar;C:\Users\luiz felipe\.m2\repository\org\junit\jupiter\junit-jupiter\5.8.2\junit-jupiter-5.8.2.jar;C:\Users\luiz felipe\.m2\repository\org\junit\jupiter\junit-jupiter-api\5.8.2\junit-jupiter-api-5.8.2.jar;C:\Users\luiz felipe\.m2\repository\org\opentest4j\opentest4j\1.2.0\opentest4j-1.2.0.jar;C:\Users\luiz felipe\.m2\repository\org\junit\platform\junit-platform-commons\1.8.2\junit-platform-commons-1.8.2.jar;C:\Users\luiz felipe\.m2\repository\org\apiguardian\apiguardian-api\1.1.2\apiguardian-api-1.1.2.jar;C:\Users\luiz felipe\.m2\repository\org\junit\jupiter\junit-jupiter-params\5.8.2\junit-jupiter-params-5.8.2.jar;C:\Users\luiz felipe\.m2\repository\org\junit\jupiter\junit-jupiter-engine\5.8.2\junit-jupiter-engine-5.8.2.jar;C:\Users\luiz felipe\.m2\repository\org\junit\platform\junit-platform-engine\1.8.2\junit-platform-engine-1.8.2.jar;C:\Users\luiz felipe\.m2\repository\org\mockito\mockito-core\4.6.1\mockito-core-4.6.1.jar;C:\Users\luiz felipe\.m2\repository\net\bytebuddy\byte-buddy-agent\1.12.10\byte-buddy-agent-1.12.10.jar;C:\Users\luiz felipe\.m2\repository\org\objenesis\objenesis\3.2\objenesis-3.2.jar;C:\Users\luiz felipe\.m2\repository\org\mockito\mockito-junit-jupiter\4.6.1\mockito-junit-jupiter-4.6.1.jar;C:\Users\luiz felipe\.m2\repository\org\skyscreamer\jsonassert\1.5.0\jsonassert-1.5.0.jar;C:\Users\luiz felipe\.m2\repository\com\vaadin\external\google\android-json\0.0.20131108.vaadin1\android-json-0.0.20131108.vaadin1.jar;C:\Users\luiz felipe\.m2\repository\org\springframework\spring-core\6.0.0-SNAPSHOT\spring-core-6.0.0-SNAPSHOT.jar;C:\Users\luiz felipe\.m2\repository\org\springframework\spring-jcl\6.0.0-SNAPSHOT\spring-jcl-6.0.0-SNAPSHOT.jar;C:\Users\luiz felipe\.m2\repository\org\springframework\spring-test\6.0.0-SNAPSHOT\spring-test-6.0.0-SNAPSHOT.jar;C:\Users\luiz felipe\.m2\repository\org\xmlunit\xmlunit-core\2.9.0\xmlunit-core-2.9.0.jar;"/>
    <property name="java.vm.vendor" value="Oracle Corporation"/>
    <property name="sun.arch.data.model" value="64"/>
    <property name="user.variant" value=""/>
    <property name="java.vendor.url" value="https://java.oracle.com/"/>
    <property name="user.timezone" value="America/Sao_Paulo"/>
    <property name="os.name" value="Windows 10"/>
    <property name="java.vm.specification.version" value="18"/>
    <property name="sun.java.launcher" value="SUN_STANDARD"/>
    <property name="user.country" value="BR"/>
    <property name="sun.boot.library.path" value="C:\Program Files\Java\jdk-18.0.1\bin"/>
    <property name="sun.java.command" value="C:\Users\LUIZFE~1\AppData\Local\Temp\surefire16716706239493405718\surefirebooter4880860406965317195.jar C:\Users\luiz felipe\AppData\Local\Temp\surefire16716706239493405718 2022-07-05T17-58-29_158-jvmRun1 surefire14340473516673811550tmp surefire_014492467689414370861tmp"/>
    <property name="jdk.debug" value="release"/>
    <property name="surefire.test.class.path" value="C:\Users\luiz felipe\fullstack-musicarchive\backend-musicarchive\Web-Music-Player\target\test-classes;C:\Users\luiz felipe\fullstack-musicarchive\backend-musicarchive\Web-Music-Player\target\classes;C:\Users\luiz felipe\.m2\repository\org\springframework\boot\spring-boot-starter-data-mongodb\3.0.0-SNAPSHOT\spring-boot-starter-data-mongodb-3.0.0-SNAPSHOT.jar;C:\Users\luiz felipe\.m2\repository\org\springframework\boot\spring-boot-starter\3.0.0-SNAPSHOT\spring-boot-starter-3.0.0-SNAPSHOT.jar;C:\Users\luiz felipe\.m2\repository\org\springframework\boot\spring-boot\3.0.0-SNAPSHOT\spring-boot-3.0.0-SNAPSHOT.jar;C:\Users\luiz felipe\.m2\repository\org\springframework\boot\spring-boot-autoconfigure\3.0.0-SNAPSHOT\spring-boot-autoconfigure-3.0.0-SNAPSHOT.jar;C:\Users\luiz felipe\.m2\repository\org\springframework\boot\spring-boot-starter-logging\3.0.0-SNAPSHOT\spring-boot-starter-logging-3.0.0-SNAPSHOT.jar;C:\Users\luiz felipe\.m2\repository\ch\qos\logback\logback-classic\1.2.11\logback-classic-1.2.11.jar;C:\Users\luiz felipe\.m2\repository\ch\qos\logback\logback-core\1.2.11\logback-core-1.2.11.jar;C:\Users\luiz felipe\.m2\repository\org\apache\logging\log4j\log4j-to-slf4j\2.17.2\log4j-to-slf4j-2.17.2.jar;C:\Users\luiz felipe\.m2\repository\org\apache\logging\log4j\log4j-api\2.17.2\log4j-api-2.17.2.jar;C:\Users\luiz felipe\.m2\repository\org\slf4j\jul-to-slf4j\1.7.36\jul-to-slf4j-1.7.36.jar;C:\Users\luiz felipe\.m2\repository\jakarta\annotation\jakarta.annotation-api\2.0.0\jakarta.annotation-api-2.0.0.jar;C:\Users\luiz felipe\.m2\repository\org\yaml\snakeyaml\1.30\snakeyaml-1.30.jar;C:\Users\luiz felipe\.m2\repository\org\mongodb\mongodb-driver-sync\4.6.0\mongodb-driver-sync-4.6.0.jar;C:\Users\luiz felipe\.m2\repository\org\mongodb\bson\4.6.0\bson-4.6.0.jar;C:\Users\luiz felipe\.m2\repository\org\mongodb\mongodb-driver-core\4.6.0\mongodb-driver-core-4.6.0.jar;C:\Users\luiz felipe\.m2\repository\org\mongodb\bson-record-codec\4.6.0\bson-record-codec-4.6.0.jar;C:\Users\luiz felipe\.m2\repository\org\springframework\data\spring-data-mongodb\4.0.0-M4\spring-data-mongodb-4.0.0-M4.jar;C:\Users\luiz felipe\.m2\repository\org\springframework\spring-tx\6.0.0-SNAPSHOT\spring-tx-6.0.0-SNAPSHOT.jar;C:\Users\luiz felipe\.m2\repository\org\springframework\spring-context\6.0.0-SNAPSHOT\spring-context-6.0.0-SNAPSHOT.jar;C:\Users\luiz felipe\.m2\repository\org\springframework\spring-beans\6.0.0-SNAPSHOT\spring-beans-6.0.0-SNAPSHOT.jar;C:\Users\luiz felipe\.m2\repository\org\springframework\spring-expression\6.0.0-SNAPSHOT\spring-expression-6.0.0-SNAPSHOT.jar;C:\Users\luiz felipe\.m2\repository\org\springframework\data\spring-data-commons\3.0.0-M4\spring-data-commons-3.0.0-M4.jar;C:\Users\luiz felipe\.m2\repository\org\slf4j\slf4j-api\1.7.36\slf4j-api-1.7.36.jar;C:\Users\luiz felipe\.m2\repository\org\springframework\boot\spring-boot-starter-thymeleaf\3.0.0-SNAPSHOT\spring-boot-starter-thymeleaf-3.0.0-SNAPSHOT.jar;C:\Users\luiz felipe\.m2\repository\org\thymeleaf\thymeleaf-spring6\3.1.0.M2\thymeleaf-spring6-3.1.0.M2.jar;C:\Users\luiz felipe\.m2\repository\org\thymeleaf\thymeleaf\3.1.0.M2\thymeleaf-3.1.0.M2.jar;C:\Users\luiz felipe\.m2\repository\org\attoparser\attoparser\2.0.5.RELEASE\attoparser-2.0.5.RELEASE.jar;C:\Users\luiz felipe\.m2\repository\org\unbescape\unbescape\1.1.6.RELEASE\unbescape-1.1.6.RELEASE.jar;C:\Users\luiz felipe\.m2\repository\org\thymeleaf\extras\thymeleaf-extras-java8time\3.0.4.RELEASE\thymeleaf-extras-java8time-3.0.4.RELEASE.jar;C:\Users\luiz felipe\.m2\repository\org\springframework\boot\spring-boot-starter-web\3.0.0-SNAPSHOT\spring-boot-starter-web-3.0.0-SNAPSHOT.jar;C:\Users\luiz felipe\.m2\repository\org\springframework\boot\spring-boot-starter-json\3.0.0-SNAPSHOT\spring-boot-starter-json-3.0.0-SNAPSHOT.jar;C:\Users\luiz felipe\.m2\repository\com\fasterxml\jackson\core\jackson-databind\2.13.3\jackson-databind-2.13.3.jar;C:\Users\luiz felipe\.m2\repository\com\fasterxml\jackson\core\jackson-annotations\2.13.3\jackson-annotations-2.13.3.jar;C:\Users\luiz felipe\.m2\repository\com\fasterxml\jackson\core\jackson-core\2.13.3\jackson-core-2.13.3.jar;C:\Users\luiz felipe\.m2\repository\com\fasterxml\jackson\datatype\jackson-datatype-jdk8\2.13.3\jackson-datatype-jdk8-2.13.3.jar;C:\Users\luiz felipe\.m2\repository\com\fasterxml\jackson\datatype\jackson-datatype-jsr310\2.13.3\jackson-datatype-jsr310-2.13.3.jar;C:\Users\luiz felipe\.m2\repository\com\fasterxml\jackson\module\jackson-module-parameter-names\2.13.3\jackson-module-parameter-names-2.13.3.jar;C:\Users\luiz felipe\.m2\repository\org\springframework\boot\spring-boot-starter-tomcat\3.0.0-SNAPSHOT\spring-boot-starter-tomcat-3.0.0-SNAPSHOT.jar;C:\Users\luiz felipe\.m2\repository\org\apache\tomcat\embed\tomcat-embed-core\10.0.21\tomcat-embed-core-10.0.21.jar;C:\Users\luiz felipe\.m2\repository\org\apache\tomcat\embed\tomcat-embed-el\10.0.21\tomcat-embed-el-10.0.21.jar;C:\Users\luiz felipe\.m2\repository\org\apache\tomcat\embed\tomcat-embed-websocket\10.0.21\tomcat-embed-websocket-10.0.21.jar;C:\Users\luiz felipe\.m2\repository\org\springframework\spring-web\6.0.0-SNAPSHOT\spring-web-6.0.0-SNAPSHOT.jar;C:\Users\luiz felipe\.m2\repository\org\springframework\spring-webmvc\6.0.0-SNAPSHOT\spring-webmvc-6.0.0-SNAPSHOT.jar;C:\Users\luiz felipe\.m2\repository\org\springframework\spring-aop\6.0.0-SNAPSHOT\spring-aop-6.0.0-SNAPSHOT.jar;C:\Users\luiz felipe\.m2\repository\org\projectlombok\lombok\1.18.24\lombok-1.18.24.jar;C:\Users\luiz felipe\.m2\repository\org\springframework\boot\spring-boot-starter-test\3.0.0-SNAPSHOT\spring-boot-starter-test-3.0.0-SNAPSHOT.jar;C:\Users\luiz felipe\.m2\repository\org\springframework\boot\spring-boot-test\3.0.0-SNAPSHOT\spring-boot-test-3.0.0-SNAPSHOT.jar;C:\Users\luiz felipe\.m2\repository\org\springframework\boot\spring-boot-test-autoconfigure\3.0.0-SNAPSHOT\spring-boot-test-autoconfigure-3.0.0-SNAPSHOT.jar;C:\Users\luiz felipe\.m2\repository\com\jayway\jsonpath\json-path\2.7.0\json-path-2.7.0.jar;C:\Users\luiz felipe\.m2\repository\net\minidev\json-smart\2.4.8\json-smart-2.4.8.jar;C:\Users\luiz felipe\.m2\repository\net\minidev\accessors-smart\2.4.8\accessors-smart-2.4.8.jar;C:\Users\luiz felipe\.m2\repository\org\ow2\asm\asm\9.1\asm-9.1.jar;C:\Users\luiz felipe\.m2\repository\jakarta\xml\bind\jakarta.xml.bind-api\3.0.1\jakarta.xml.bind-api-3.0.1.jar;C:\Users\luiz felipe\.m2\repository\com\sun\activation\jakarta.activation\2.0.1\jakarta.activation-2.0.1.jar;C:\Users\luiz felipe\.m2\repository\org\assertj\assertj-core\3.23.1\assertj-core-3.23.1.jar;C:\Users\luiz felipe\.m2\repository\net\bytebuddy\byte-buddy\1.12.10\byte-buddy-1.12.10.jar;C:\Users\luiz felipe\.m2\repository\org\hamcrest\hamcrest\2.2\hamcrest-2.2.jar;C:\Users\luiz felipe\.m2\repository\org\junit\jupiter\junit-jupiter\5.8.2\junit-jupiter-5.8.2.jar;C:\Users\luiz felipe\.m2\repository\org\junit\jupiter\junit-jupiter-api\5.8.2\junit-jupiter-api-5.8.2.jar;C:\Users\luiz felipe\.m2\repository\org\opentest4j\opentest4j\1.2.0\opentest4j-1.2.0.jar;C:\Users\luiz felipe\.m2\repository\org\junit\platform\junit-platform-commons\1.8.2\junit-platform-commons-1.8.2.jar;C:\Users\luiz felipe\.m2\repository\org\apiguardian\apiguardian-api\1.1.2\apiguardian-api-1.1.2.jar;C:\Users\luiz felipe\.m2\repository\org\junit\jupiter\junit-jupiter-params\5.8.2\junit-jupiter-params-5.8.2.jar;C:\Users\luiz felipe\.m2\repository\org\junit\jupiter\junit-jupiter-engine\5.8.2\junit-jupiter-engine-5.8.2.jar;C:\Users\luiz felipe\.m2\repository\org\junit\platform\junit-platform-engine\1.8.2\junit-platform-engine-1.8.2.jar;C:\Users\luiz felipe\.m2\repository\org\mockito\mockito-core\4.6.1\mockito-core-4.6.1.jar;C:\Users\luiz felipe\.m2\repository\net\bytebuddy\byte-buddy-agent\1.12.10\byte-buddy-agent-1.12.10.jar;C:\Users\luiz felipe\.m2\repository\org\objenesis\objenesis\3.2\objenesis-3.2.jar;C:\Users\luiz felipe\.m2\repository\org\mockito\mockito-junit-jupiter\4.6.1\mockito-junit-jupiter-4.6.1.jar;C:\Users\luiz felipe\.m2\repository\org\skyscreamer\jsonassert\1.5.0\jsonassert-1.5.0.jar;C:\Users\luiz felipe\.m2\repository\com\vaadin\external\google\android-json\0.0.20131108.vaadin1\android-json-0.0.20131108.vaadin1.jar;C:\Users\luiz felipe\.m2\repository\org\springframework\spring-core\6.0.0-SNAPSHOT\spring-core-6.0.0-SNAPSHOT.jar;C:\Users\luiz felipe\.m2\repository\org\springframework\spring-jcl\6.0.0-SNAPSHOT\spring-jcl-6.0.0-SNAPSHOT.jar;C:\Users\luiz felipe\.m2\repository\org\springframework\spring-test\6.0.0-SNAPSHOT\spring-test-6.0.0-SNAPSHOT.jar;C:\Users\luiz felipe\.m2\repository\org\xmlunit\xmlunit-core\2.9.0\xmlunit-core-2.9.0.jar;"/>
    <property name="sun.cpu.endian" value="little"/>
    <property name="user.home" value="C:\Users\luiz felipe"/>
    <property name="user.language" value="pt"/>
    <property name="java.specification.vendor" value="Oracle Corporation"/>
    <property name="java.version.date" value="2022-04-19"/>
    <property name="java.home" value="C:\Program Files\Java\jdk-18.0.1"/>
    <property name="file.separator" value="\"/>
    <property name="basedir" value="C:\Users\luiz felipe\fullstack-musicarchive\backend-musicarchive\Web-Music-Player"/>
    <property name="java.vm.compressedOopsMode" value="Zero based"/>
    <property name="line.separator" value="&#10;"/>
    <property name="java.vm.specification.vendor" value="Oracle Corporation"/>
    <property name="java.specification.name" value="Java Platform API Specification"/>
    <property name="surefire.real.class.path" value="C:\Users\LUIZFE~1\AppData\Local\Temp\surefire16716706239493405718\surefirebooter4880860406965317195.jar"/>
    <property name="user.script" value=""/>
    <property name="sun.management.compiler" value="HotSpot 64-Bit Tiered Compilers"/>
    <property name="java.runtime.version" value="18.0.1+10-24"/>
    <property name="user.name" value="luiz felipe"/>
    <property name="path.separator" value=";"/>
    <property name="os.version" value="10.0"/>
    <property name="java.runtime.name" value="Java(TM) SE Runtime Environment"/>
    <property name="file.encoding" value="UTF-8"/>
    <property name="java.vm.name" value="Java HotSpot(TM) 64-Bit Server VM"/>
    <property name="localRepository" value="C:\Users\luiz felipe\.m2\repository"/>
    <property name="java.vendor.url.bug" value="https://bugreport.java.com/bugreport/"/>
    <property name="java.io.tmpdir" value="C:\Users\LUIZFE~1\AppData\Local\Temp\"/>
    <property name="idea.version" value="2022.1.3"/>
    <property name="java.version" value="18.0.1"/>
    <property name="user.dir" value="C:\Users\luiz felipe\fullstack-musicarchive\backend-musicarchive\Web-Music-Player"/>
    <property name="os.arch" value="amd64"/>
    <property name="java.vm.specification.name" value="Java Virtual Machine Specification"/>
    <property name="sun.os.patch.level" value=""/>
    <property name="native.encoding" value="Cp1252"/>
    <property name="java.library.path" value="C:\Program Files\Java\jdk-18.0.1\bin;C:\Windows\Sun\Java\bin;C:\Windows\system32;C:\Windows;C:\Program Files\Common Files\Oracle\Java\javapath;C:\Windows\system32;C:\Windows;C:\Windows\System32\Wbem;C:\Windows\System32\WindowsPowerShell\v1.0\;C:\Windows\System32\OpenSSH\;C:\Program Files (x86)\Microsoft SQL Server\150\DTS\Binn\;C:\Program Files\Azure Data Studio\bin;C:\Program Files\PuTTY\;C:\Program Files\Git\cmd;C:\Users\luiz felipe\AppData\Local\Programs\Python\Python310\Scripts\;C:\Users\luiz felipe\AppData\Local\Programs\Python\Python310\;C:\Users\luiz felipe\AppData\Local\Microsoft\WindowsApps;C:\Program Files\Azure Data Studio\bin;;."/>
    <property name="java.vm.info" value="mixed mode, sharing"/>
    <property name="java.vendor" value="Oracle Corporation"/>
    <property name="java.vm.version" value="18.0.1+10-24"/>
    <property name="sun.io.unicode.encoding" value="UnicodeLittle"/>
    <property name="java.class.version" value="62.0"/>
  </properties>
  <testcase name="contextLoads" classname="com.example.webmusicplayer.WebMusicPlayerApplicationTests" time="0.006">
    <error message="Failed to load ApplicationContext" type="java.lang.IllegalStateException">java.lang.IllegalStateException: Failed to load ApplicationContext
Caused by: org.springframework.beans.factory.BeanCreationException: Error creating bean with name 'mongoDatabaseFactory' defined in class path resource [org/springframework/boot/autoconfigure/data/mongo/MongoDatabaseFactoryConfiguration.class]: Failed to instantiate [org.springframework.data.mongodb.core.MongoDatabaseFactorySupport]: Database name must not be empty!
Caused by: org.springframework.beans.BeanInstantiationException: Failed to instantiate [org.springframework.data.mongodb.core.MongoDatabaseFactorySupport]: Database name must not be empty!
Caused by: java.lang.IllegalArgumentException: Database name must not be empty!
</error>
    <system-out><![CDATA[17:58:36.821 [main] DEBUG org.springframework.test.context.BootstrapUtils - Instantiating CacheAwareContextLoaderDelegate from class [org.springframework.test.context.cache.DefaultCacheAwareContextLoaderDelegate]
17:58:36.836 [main] DEBUG org.springframework.test.context.BootstrapUtils - Instantiating BootstrapContext using constructor [public org.springframework.test.context.support.DefaultBootstrapContext(java.lang.Class,org.springframework.test.context.CacheAwareContextLoaderDelegate)]
17:58:36.866 [main] DEBUG org.springframework.test.context.BootstrapUtils - Instantiating TestContextBootstrapper for test class [com.example.webmusicplayer.WebMusicPlayerApplicationTests] from class [org.springframework.boot.test.context.SpringBootTestContextBootstrapper]
17:58:36.876 [main] INFO org.springframework.boot.test.context.SpringBootTestContextBootstrapper - Neither @ContextConfiguration nor @ContextHierarchy found for test class [com.example.webmusicplayer.WebMusicPlayerApplicationTests], using SpringBootContextLoader
17:58:36.879 [main] DEBUG org.springframework.test.context.support.AbstractContextLoader - Did not detect default resource location for test class [com.example.webmusicplayer.WebMusicPlayerApplicationTests]: class path resource [com/example/webmusicplayer/WebMusicPlayerApplicationTests-context.xml] does not exist
17:58:36.880 [main] DEBUG org.springframework.test.context.support.AbstractContextLoader - Did not detect default resource location for test class [com.example.webmusicplayer.WebMusicPlayerApplicationTests]: class path resource [com/example/webmusicplayer/WebMusicPlayerApplicationTestsContext.groovy] does not exist
17:58:36.880 [main] INFO org.springframework.test.context.support.AbstractContextLoader - Could not detect default resource locations for test class [com.example.webmusicplayer.WebMusicPlayerApplicationTests]: no resource found for suffixes {-context.xml, Context.groovy}.
17:58:36.880 [main] INFO org.springframework.test.context.support.AnnotationConfigContextLoaderUtils - Could not detect default configuration classes for test class [com.example.webmusicplayer.WebMusicPlayerApplicationTests]: WebMusicPlayerApplicationTests does not declare any static, non-private, non-final, nested classes annotated with @Configuration.
17:58:36.921 [main] DEBUG org.springframework.test.context.support.ActiveProfilesUtils - Could not find an 'annotation declaring class' for annotation type [org.springframework.test.context.ActiveProfiles] and class [com.example.webmusicplayer.WebMusicPlayerApplicationTests]
17:58:36.982 [main] DEBUG org.springframework.context.annotation.ClassPathScanningCandidateComponentProvider - Identified candidate component class: file [C:\Users\luiz felipe\fullstack-musicarchive\backend-musicarchive\Web-Music-Player\target\classes\com\example\webmusicplayer\WebMusicPlayerApplication.class]
17:58:36.983 [main] INFO org.springframework.boot.test.context.SpringBootTestContextBootstrapper - Found @SpringBootConfiguration com.example.webmusicplayer.WebMusicPlayerApplication for test class com.example.webmusicplayer.WebMusicPlayerApplicationTests
17:58:37.082 [main] DEBUG org.springframework.boot.test.context.SpringBootTestContextBootstrapper - @TestExecutionListeners is not present for class [com.example.webmusicplayer.WebMusicPlayerApplicationTests]: using defaults.
17:58:37.100 [main] INFO org.springframework.boot.test.context.SpringBootTestContextBootstrapper - Loaded default TestExecutionListener implementations from location [META-INF/spring.factories]: [org.springframework.test.context.web.ServletTestExecutionListener, org.springframework.test.context.support.DirtiesContextBeforeModesTestExecutionListener, org.springframework.test.context.event.ApplicationEventsTestExecutionListener, org.springframework.boot.test.mock.mockito.MockitoTestExecutionListener, org.springframework.test.context.support.DependencyInjectionTestExecutionListener, org.springframework.test.context.support.DirtiesContextTestExecutionListener, org.springframework.test.context.transaction.TransactionalTestExecutionListener, org.springframework.test.context.jdbc.SqlScriptsTestExecutionListener, org.springframework.test.context.event.EventPublishingTestExecutionListener, org.springframework.boot.test.mock.mockito.ResetMocksTestExecutionListener, org.springframework.boot.test.autoconfigure.restdocs.RestDocsTestExecutionListener, org.springframework.boot.test.autoconfigure.web.client.MockRestServiceServerResetTestExecutionListener, org.springframework.boot.test.autoconfigure.web.servlet.MockMvcPrintOnlyOnFailureTestExecutionListener, org.springframework.boot.test.autoconfigure.web.servlet.WebDriverTestExecutionListener, org.springframework.boot.test.autoconfigure.webservices.client.MockWebServiceServerTestExecutionListener]
17:58:37.102 [main] INFO org.springframework.boot.test.context.SpringBootTestContextBootstrapper - Using TestExecutionListeners: [org.springframework.test.context.web.ServletTestExecutionListener@2421cc4, org.springframework.test.context.support.DirtiesContextBeforeModesTestExecutionListener@30c93896, org.springframework.test.context.event.ApplicationEventsTestExecutionListener@59a008ba, org.springframework.boot.test.mock.mockito.MockitoTestExecutionListener@338c99c8, org.springframework.boot.test.autoconfigure.SpringBootDependencyInjectionTestExecutionListener@21ba0741, org.springframework.test.context.support.DirtiesContextTestExecutionListener@58ce9668, org.springframework.test.context.transaction.TransactionalTestExecutionListener@172b013, org.springframework.test.context.jdbc.SqlScriptsTestExecutionListener@56673b2c, org.springframework.test.context.event.EventPublishingTestExecutionListener@2796aeae, org.springframework.boot.test.mock.mockito.ResetMocksTestExecutionListener@b4711e2, org.springframework.boot.test.autoconfigure.restdocs.RestDocsTestExecutionListener@1fa1cab1, org.springframework.boot.test.autoconfigure.web.client.MockRestServiceServerResetTestExecutionListener@70f02c32, org.springframework.boot.test.autoconfigure.web.servlet.MockMvcPrintOnlyOnFailureTestExecutionListener@62010f5c, org.springframework.boot.test.autoconfigure.web.servlet.WebDriverTestExecutionListener@51fadaff, org.springframework.boot.test.autoconfigure.webservices.client.MockWebServiceServerTestExecutionListener@401f7633]
17:58:37.106 [main] DEBUG org.springframework.test.context.support.AbstractDirtiesContextTestExecutionListener - Before test class: context [DefaultTestContext@7582ff54 testClass = WebMusicPlayerApplicationTests, testInstance = [null], testMethod = [null], testException = [null], mergedContextConfiguration = [WebMergedContextConfiguration@67545b57 testClass = WebMusicPlayerApplicationTests, locations = '{}', classes = '{class com.example.webmusicplayer.WebMusicPlayerApplication}', contextInitializerClasses = '[]', activeProfiles = '{}', propertySourceLocations = '{}', propertySourceProperties = '{org.springframework.boot.test.context.SpringBootTestContextBootstrapper=true}', contextCustomizers = set[org.springframework.boot.test.context.filter.ExcludeFilterContextCustomizer@2b48a640, org.springframework.boot.test.json.DuplicateJsonObjectContextCustomizerFactory$DuplicateJsonObjectContextCustomizer@7a419da4, org.springframework.boot.test.mock.mockito.MockitoContextCustomizer@0, org.springframework.boot.test.web.client.TestRestTemplateContextCustomizer@fa49800, org.springframework.boot.test.autoconfigure.actuate.observability.ObservabilityContextCustomizerFactory$DisableObservabilityContextCustomizer@9da1, org.springframework.boot.test.autoconfigure.properties.PropertyMappingContextCustomizer@0, org.springframework.boot.test.autoconfigure.web.servlet.WebDriverContextCustomizerFactory$Customizer@7e7be63f, org.springframework.boot.test.context.SpringBootTestArgs@1, org.springframework.boot.test.context.SpringBootTestWebEnvironment@11438d26], resourceBasePath = 'src/main/webapp', contextLoader = 'org.springframework.boot.test.context.SpringBootContextLoader', parent = [null]], attributes = map['org.springframework.test.context.web.ServletTestExecutionListener.activateListener' -> true]], class annotated with @DirtiesContext [false] with mode [null].

  .   ____          _            __ _ _
 /\\ / ___'_ __ _ _(_)_ __  __ _ \ \ \ \
( ( )\___ | '_ | '_| | '_ \/ _` | \ \ \ \
 \\/  ___)| |_)| | | | | || (_| |  ) ) ) )
  '  |____| .__|_| |_|_| |_\__, | / / / /
 =========|_|==============|___/=/_/_/_/
 :: Spring Boot ::       (v3.0.0-SNAPSHOT)

2022-07-05T17:58:37.342-03:00  INFO 5548 --- [           main] c.e.w.WebMusicPlayerApplicationTests     : Starting WebMusicPlayerApplicationTests using Java 18.0.1 on DESKTOP-1087KPQ with PID 5548 (started by luiz felipe in C:\Users\luiz felipe\fullstack-musicarchive\backend-musicarchive\Web-Music-Player)
2022-07-05T17:58:37.344-03:00  INFO 5548 --- [           main] c.e.w.WebMusicPlayerApplicationTests     : No active profile set, falling back to 1 default profile: "default"
2022-07-05T17:58:37.870-03:00  INFO 5548 --- [           main] .s.d.r.c.RepositoryConfigurationDelegate : Bootstrapping Spring Data MongoDB repositories in DEFAULT mode.
2022-07-05T17:58:37.894-03:00  INFO 5548 --- [           main] .s.d.r.c.RepositoryConfigurationDelegate : Finished Spring Data repository scanning in 20 ms. Found 0 MongoDB repository interfaces.
2022-07-05T17:58:38.519-03:00  WARN 5548 --- [           main] ion$DefaultTemplateResolverConfiguration : Cannot find template location: classpath:/templates/ (please add some templates or check your Thymeleaf configuration)
2022-07-05T17:58:38.728-03:00  INFO 5548 --- [           main] org.mongodb.driver.client                : MongoClient with metadata {"driver": {"name": "mongo-java-driver|sync|spring-boot", "version": "4.6.0"}, "os": {"type": "Windows", "name": "Windows 10", "architecture": "amd64", "version": "10.0"}, "platform": "Java/Oracle Corporation/18.0.1+10-24"} created with settings MongoClientSettings{readPreference=primary, writeConcern=WriteConcern{w=majority, wTimeout=null ms, journal=null}, retryWrites=true, retryReads=true, readConcern=ReadConcern{level=null}, credential=MongoCredential{mechanism=null, userName='luizfelipe', source='admin', password=<hidden>, mechanismProperties=<hidden>}, streamFactoryFactory=null, commandListeners=[], codecRegistry=ProvidersCodecRegistry{codecProviders=[ValueCodecProvider{}, BsonValueCodecProvider{}, DBRefCodecProvider{}, DBObjectCodecProvider{}, DocumentCodecProvider{}, IterableCodecProvider{}, MapCodecProvider{}, GeoJsonCodecProvider{}, GridFSFileCodecProvider{}, Jsr310CodecProvider{}, JsonObjectCodecProvider{}, BsonCodecProvider{}, EnumCodecProvider{}, com.mongodb.Jep395RecordCodecProvider@77d381e6]}, clusterSettings={hosts=[127.0.0.1:27017], srvHost=cluster0.wqtxw.mongodb.net, srvServiceName=mongodb, mode=MULTIPLE, requiredClusterType=REPLICA_SET, requiredReplicaSetName='atlas-xqwc2j-shard-0', serverSelector='null', clusterListeners='[]', serverSelectionTimeout='30000 ms', localThreshold='30000 ms'}, socketSettings=SocketSettings{connectTimeoutMS=10000, readTimeoutMS=0, receiveBufferSize=0, sendBufferSize=0}, heartbeatSocketSettings=SocketSettings{connectTimeoutMS=10000, readTimeoutMS=10000, receiveBufferSize=0, sendBufferSize=0}, connectionPoolSettings=ConnectionPoolSettings{maxSize=100, minSize=0, maxWaitTimeMS=120000, maxConnectionLifeTimeMS=0, maxConnectionIdleTimeMS=0, maintenanceInitialDelayMS=0, maintenanceFrequencyMS=60000, connectionPoolListeners=[], maxConnecting=2}, serverSettings=ServerSettings{heartbeatFrequencyMS=10000, minHeartbeatFrequencyMS=500, serverListeners='[]', serverMonitorListeners='[]'}, sslSettings=SslSettings{enabled=true, invalidHostNameAllowed=false, context=null}, applicationName='null', compressorList=[], uuidRepresentation=JAVA_LEGACY, serverApi=null, autoEncryptionSettings=null, contextProvider=null}
2022-07-05T17:58:38.746-03:00  INFO 5548 --- [txw.mongodb.net] org.mongodb.driver.cluster               : Adding discovered server cluster0-shard-00-00.wqtxw.mongodb.net:27017 to client view of cluster
2022-07-05T17:58:38.771-03:00  INFO 5548 --- [txw.mongodb.net] org.mongodb.driver.cluster               : Adding discovered server cluster0-shard-00-01.wqtxw.mongodb.net:27017 to client view of cluster
2022-07-05T17:58:38.772-03:00  INFO 5548 --- [txw.mongodb.net] org.mongodb.driver.cluster               : Adding discovered server cluster0-shard-00-02.wqtxw.mongodb.net:27017 to client view of cluster
2022-07-05T17:58:38.844-03:00  WARN 5548 --- [           main] o.s.w.c.s.GenericWebApplicationContext   : Exception encountered during context initialization - cancelling refresh attempt: org.springframework.beans.factory.BeanCreationException: Error creating bean with name 'mongoDatabaseFactory' defined in class path resource [org/springframework/boot/autoconfigure/data/mongo/MongoDatabaseFactoryConfiguration.class]: Failed to instantiate [org.springframework.data.mongodb.core.MongoDatabaseFactorySupport]: Database name must not be empty!
2022-07-05T17:58:38.857-03:00  INFO 5548 --- [           main] ConditionEvaluationReportLoggingListener : 

Error starting ApplicationContext. To display the conditions report re-run your application with 'debug' enabled.
2022-07-05T17:58:38.883-03:00 ERROR 5548 --- [           main] o.s.boot.SpringApplication               : Application run failed

org.springframework.beans.factory.BeanCreationException: Error creating bean with name 'mongoDatabaseFactory' defined in class path resource [org/springframework/boot/autoconfigure/data/mongo/MongoDatabaseFactoryConfiguration.class]: Failed to instantiate [org.springframework.data.mongodb.core.MongoDatabaseFactorySupport]: Database name must not be empty!
	at org.springframework.beans.factory.support.ConstructorResolver.instantiate(ConstructorResolver.java:633) ~[spring-beans-6.0.0-SNAPSHOT.jar:6.0.0-SNAPSHOT]
	at org.springframework.beans.factory.support.ConstructorResolver.instantiateUsingFactoryMethod(ConstructorResolver.java:621) ~[spring-beans-6.0.0-SNAPSHOT.jar:6.0.0-SNAPSHOT]
	at org.springframework.beans.factory.support.AbstractAutowireCapableBeanFactory.instantiateUsingFactoryMethod(AbstractAutowireCapableBeanFactory.java:1323) ~[spring-beans-6.0.0-SNAPSHOT.jar:6.0.0-SNAPSHOT]
	at org.springframework.beans.factory.support.AbstractAutowireCapableBeanFactory.createBeanInstance(AbstractAutowireCapableBeanFactory.java:1160) ~[spring-beans-6.0.0-SNAPSHOT.jar:6.0.0-SNAPSHOT]
	at org.springframework.beans.factory.support.AbstractAutowireCapableBeanFactory.doCreateBean(AbstractAutowireCapableBeanFactory.java:566) ~[spring-beans-6.0.0-SNAPSHOT.jar:6.0.0-SNAPSHOT]
	at org.springframework.beans.factory.support.AbstractAutowireCapableBeanFactory.createBean(AbstractAutowireCapableBeanFactory.java:526) ~[spring-beans-6.0.0-SNAPSHOT.jar:6.0.0-SNAPSHOT]
	at org.springframework.beans.factory.support.AbstractBeanFactory.lambda$doGetBean$0(AbstractBeanFactory.java:326) ~[spring-beans-6.0.0-SNAPSHOT.jar:6.0.0-SNAPSHOT]
	at org.springframework.beans.factory.support.DefaultSingletonBeanRegistry.getSingleton(DefaultSingletonBeanRegistry.java:234) ~[spring-beans-6.0.0-SNAPSHOT.jar:6.0.0-SNAPSHOT]
	at org.springframework.beans.factory.support.AbstractBeanFactory.doGetBean(AbstractBeanFactory.java:324) ~[spring-beans-6.0.0-SNAPSHOT.jar:6.0.0-SNAPSHOT]
	at org.springframework.beans.factory.support.AbstractBeanFactory.getBean(AbstractBeanFactory.java:200) ~[spring-beans-6.0.0-SNAPSHOT.jar:6.0.0-SNAPSHOT]
	at org.springframework.beans.factory.support.DefaultListableBeanFactory.preInstantiateSingletons(DefaultListableBeanFactory.java:930) ~[spring-beans-6.0.0-SNAPSHOT.jar:6.0.0-SNAPSHOT]
	at org.springframework.context.support.AbstractApplicationContext.finishBeanFactoryInitialization(AbstractApplicationContext.java:926) ~[spring-context-6.0.0-SNAPSHOT.jar:6.0.0-SNAPSHOT]
	at org.springframework.context.support.AbstractApplicationContext.refresh(AbstractApplicationContext.java:592) ~[spring-context-6.0.0-SNAPSHOT.jar:6.0.0-SNAPSHOT]
	at org.springframework.boot.SpringApplication.refresh(SpringApplication.java:729) ~[spring-boot-3.0.0-SNAPSHOT.jar:3.0.0-SNAPSHOT]
	at org.springframework.boot.SpringApplication.refreshContext(SpringApplication.java:428) ~[spring-boot-3.0.0-SNAPSHOT.jar:3.0.0-SNAPSHOT]
	at org.springframework.boot.SpringApplication.run(SpringApplication.java:310) ~[spring-boot-3.0.0-SNAPSHOT.jar:3.0.0-SNAPSHOT]
	at org.springframework.boot.test.context.SpringBootContextLoader.loadContext(SpringBootContextLoader.java:132) ~[spring-boot-test-3.0.0-SNAPSHOT.jar:3.0.0-SNAPSHOT]
	at org.springframework.test.context.cache.DefaultCacheAwareContextLoaderDelegate.loadContextInternal(DefaultCacheAwareContextLoaderDelegate.java:98) ~[spring-test-6.0.0-SNAPSHOT.jar:6.0.0-SNAPSHOT]
	at org.springframework.test.context.cache.DefaultCacheAwareContextLoaderDelegate.loadContext(DefaultCacheAwareContextLoaderDelegate.java:123) ~[spring-test-6.0.0-SNAPSHOT.jar:6.0.0-SNAPSHOT]
	at org.springframework.test.context.support.DefaultTestContext.getApplicationContext(DefaultTestContext.java:124) ~[spring-test-6.0.0-SNAPSHOT.jar:6.0.0-SNAPSHOT]
	at org.springframework.test.context.web.ServletTestExecutionListener.setUpRequestContextIfNecessary(ServletTestExecutionListener.java:189) ~[spring-test-6.0.0-SNAPSHOT.jar:6.0.0-SNAPSHOT]
	at org.springframework.test.context.web.ServletTestExecutionListener.prepareTestInstance(ServletTestExecutionListener.java:131) ~[spring-test-6.0.0-SNAPSHOT.jar:6.0.0-SNAPSHOT]
	at org.springframework.test.context.TestContextManager.prepareTestInstance(TestContextManager.java:248) ~[spring-test-6.0.0-SNAPSHOT.jar:6.0.0-SNAPSHOT]
	at org.springframework.test.context.junit.jupiter.SpringExtension.postProcessTestInstance(SpringExtension.java:138) ~[spring-test-6.0.0-SNAPSHOT.jar:6.0.0-SNAPSHOT]
	at org.junit.jupiter.engine.descriptor.ClassBasedTestDescriptor.lambda$invokeTestInstancePostProcessors$8(ClassBasedTestDescriptor.java:363) ~[junit-jupiter-engine-5.8.2.jar:5.8.2]
	at org.junit.jupiter.engine.descriptor.ClassBasedTestDescriptor.executeAndMaskThrowable(ClassBasedTestDescriptor.java:368) ~[junit-jupiter-engine-5.8.2.jar:5.8.2]
	at org.junit.jupiter.engine.descriptor.ClassBasedTestDescriptor.lambda$invokeTestInstancePostProcessors$9(ClassBasedTestDescriptor.java:363) ~[junit-jupiter-engine-5.8.2.jar:5.8.2]
	at java.base/java.util.stream.ReferencePipeline$3$1.accept(ReferencePipeline.java:197) ~[na:na]
	at java.base/java.util.stream.ReferencePipeline$2$1.accept(ReferencePipeline.java:179) ~[na:na]
	at java.base/java.util.ArrayList$ArrayListSpliterator.forEachRemaining(ArrayList.java:1625) ~[na:na]
	at java.base/java.util.stream.AbstractPipeline.copyInto(AbstractPipeline.java:509) ~[na:na]
	at java.base/java.util.stream.AbstractPipeline.wrapAndCopyInto(AbstractPipeline.java:499) ~[na:na]
	at java.base/java.util.stream.StreamSpliterators$WrappingSpliterator.forEachRemaining(StreamSpliterators.java:310) ~[na:na]
	at java.base/java.util.stream.Streams$ConcatSpliterator.forEachRemaining(Streams.java:735) ~[na:na]
	at java.base/java.util.stream.Streams$ConcatSpliterator.forEachRemaining(Streams.java:734) ~[na:na]
	at java.base/java.util.stream.ReferencePipeline$Head.forEach(ReferencePipeline.java:762) ~[na:na]
	at org.junit.jupiter.engine.descriptor.ClassBasedTestDescriptor.invokeTestInstancePostProcessors(ClassBasedTestDescriptor.java:362) ~[junit-jupiter-engine-5.8.2.jar:5.8.2]
	at org.junit.jupiter.engine.descriptor.ClassBasedTestDescriptor.lambda$instantiateAndPostProcessTestInstance$6(ClassBasedTestDescriptor.java:283) ~[junit-jupiter-engine-5.8.2.jar:5.8.2]
	at org.junit.platform.engine.support.hierarchical.ThrowableCollector.execute(ThrowableCollector.java:73) ~[junit-platform-engine-1.8.2.jar:1.8.2]
	at org.junit.jupiter.engine.descriptor.ClassBasedTestDescriptor.instantiateAndPostProcessTestInstance(ClassBasedTestDescriptor.java:282) ~[junit-jupiter-engine-5.8.2.jar:5.8.2]
	at org.junit.jupiter.engine.descriptor.ClassBasedTestDescriptor.lambda$testInstancesProvider$4(ClassBasedTestDescriptor.java:272) ~[junit-jupiter-engine-5.8.2.jar:5.8.2]
	at java.base/java.util.Optional.orElseGet(Optional.java:364) ~[na:na]
	at org.junit.jupiter.engine.descriptor.ClassBasedTestDescriptor.lambda$testInstancesProvider$5(ClassBasedTestDescriptor.java:271) ~[junit-jupiter-engine-5.8.2.jar:5.8.2]
	at org.junit.jupiter.engine.execution.TestInstancesProvider.getTestInstances(TestInstancesProvider.java:31) ~[junit-jupiter-engine-5.8.2.jar:5.8.2]
	at org.junit.jupiter.engine.descriptor.TestMethodTestDescriptor.lambda$prepare$0(TestMethodTestDescriptor.java:102) ~[junit-jupiter-engine-5.8.2.jar:5.8.2]
	at org.junit.platform.engine.support.hierarchical.ThrowableCollector.execute(ThrowableCollector.java:73) ~[junit-platform-engine-1.8.2.jar:1.8.2]
	at org.junit.jupiter.engine.descriptor.TestMethodTestDescriptor.prepare(TestMethodTestDescriptor.java:101) ~[junit-jupiter-engine-5.8.2.jar:5.8.2]
	at org.junit.jupiter.engine.descriptor.TestMethodTestDescriptor.prepare(TestMethodTestDescriptor.java:66) ~[junit-jupiter-engine-5.8.2.jar:5.8.2]
	at org.junit.platform.engine.support.hierarchical.NodeTestTask.lambda$prepare$2(NodeTestTask.java:123) ~[junit-platform-engine-1.8.2.jar:1.8.2]
	at org.junit.platform.engine.support.hierarchical.ThrowableCollector.execute(ThrowableCollector.java:73) ~[junit-platform-engine-1.8.2.jar:1.8.2]
	at org.junit.platform.engine.support.hierarchical.NodeTestTask.prepare(NodeTestTask.java:123) ~[junit-platform-engine-1.8.2.jar:1.8.2]
	at org.junit.platform.engine.support.hierarchical.NodeTestTask.execute(NodeTestTask.java:90) ~[junit-platform-engine-1.8.2.jar:1.8.2]
	at java.base/java.util.ArrayList.forEach(ArrayList.java:1511) ~[na:na]
	at org.junit.platform.engine.support.hierarchical.SameThreadHierarchicalTestExecutorService.invokeAll(SameThreadHierarchicalTestExecutorService.java:41) ~[junit-platform-engine-1.8.2.jar:1.8.2]
	at org.junit.platform.engine.support.hierarchical.NodeTestTask.lambda$executeRecursively$6(NodeTestTask.java:155) ~[junit-platform-engine-1.8.2.jar:1.8.2]
	at org.junit.platform.engine.support.hierarchical.ThrowableCollector.execute(ThrowableCollector.java:73) ~[junit-platform-engine-1.8.2.jar:1.8.2]
	at org.junit.platform.engine.support.hierarchical.NodeTestTask.lambda$executeRecursively$8(NodeTestTask.java:141) ~[junit-platform-engine-1.8.2.jar:1.8.2]
	at org.junit.platform.engine.support.hierarchical.Node.around(Node.java:137) ~[junit-platform-engine-1.8.2.jar:1.8.2]
	at org.junit.platform.engine.support.hierarchical.NodeTestTask.lambda$executeRecursively$9(NodeTestTask.java:139) ~[junit-platform-engine-1.8.2.jar:1.8.2]
	at org.junit.platform.engine.support.hierarchical.ThrowableCollector.execute(ThrowableCollector.java:73) ~[junit-platform-engine-1.8.2.jar:1.8.2]
	at org.junit.platform.engine.support.hierarchical.NodeTestTask.executeRecursively(NodeTestTask.java:138) ~[junit-platform-engine-1.8.2.jar:1.8.2]
	at org.junit.platform.engine.support.hierarchical.NodeTestTask.execute(NodeTestTask.java:95) ~[junit-platform-engine-1.8.2.jar:1.8.2]
	at java.base/java.util.ArrayList.forEach(ArrayList.java:1511) ~[na:na]
	at org.junit.platform.engine.support.hierarchical.SameThreadHierarchicalTestExecutorService.invokeAll(SameThreadHierarchicalTestExecutorService.java:41) ~[junit-platform-engine-1.8.2.jar:1.8.2]
	at org.junit.platform.engine.support.hierarchical.NodeTestTask.lambda$executeRecursively$6(NodeTestTask.java:155) ~[junit-platform-engine-1.8.2.jar:1.8.2]
	at org.junit.platform.engine.support.hierarchical.ThrowableCollector.execute(ThrowableCollector.java:73) ~[junit-platform-engine-1.8.2.jar:1.8.2]
	at org.junit.platform.engine.support.hierarchical.NodeTestTask.lambda$executeRecursively$8(NodeTestTask.java:141) ~[junit-platform-engine-1.8.2.jar:1.8.2]
	at org.junit.platform.engine.support.hierarchical.Node.around(Node.java:137) ~[junit-platform-engine-1.8.2.jar:1.8.2]
	at org.junit.platform.engine.support.hierarchical.NodeTestTask.lambda$executeRecursively$9(NodeTestTask.java:139) ~[junit-platform-engine-1.8.2.jar:1.8.2]
	at org.junit.platform.engine.support.hierarchical.ThrowableCollector.execute(ThrowableCollector.java:73) ~[junit-platform-engine-1.8.2.jar:1.8.2]
	at org.junit.platform.engine.support.hierarchical.NodeTestTask.executeRecursively(NodeTestTask.java:138) ~[junit-platform-engine-1.8.2.jar:1.8.2]
	at org.junit.platform.engine.support.hierarchical.NodeTestTask.execute(NodeTestTask.java:95) ~[junit-platform-engine-1.8.2.jar:1.8.2]
	at org.junit.platform.engine.support.hierarchical.SameThreadHierarchicalTestExecutorService.submit(SameThreadHierarchicalTestExecutorService.java:35) ~[junit-platform-engine-1.8.2.jar:1.8.2]
	at org.junit.platform.engine.support.hierarchical.HierarchicalTestExecutor.execute(HierarchicalTestExecutor.java:57) ~[junit-platform-engine-1.8.2.jar:1.8.2]
	at org.junit.platform.engine.support.hierarchical.HierarchicalTestEngine.execute(HierarchicalTestEngine.java:54) ~[junit-platform-engine-1.8.2.jar:1.8.2]
	at org.junit.platform.launcher.core.DefaultLauncher.execute(DefaultLauncher.java:220) ~[junit-platform-launcher-1.3.1.jar:1.3.1]
	at org.junit.platform.launcher.core.DefaultLauncher.lambda$execute$6(DefaultLauncher.java:188) ~[junit-platform-launcher-1.3.1.jar:1.3.1]
	at org.junit.platform.launcher.core.DefaultLauncher.withInterceptedStreams(DefaultLauncher.java:202) ~[junit-platform-launcher-1.3.1.jar:1.3.1]
	at org.junit.platform.launcher.core.DefaultLauncher.execute(DefaultLauncher.java:181) ~[junit-platform-launcher-1.3.1.jar:1.3.1]
	at org.junit.platform.launcher.core.DefaultLauncher.execute(DefaultLauncher.java:128) ~[junit-platform-launcher-1.3.1.jar:1.3.1]
	at org.apache.maven.surefire.junitplatform.JUnitPlatformProvider.invokeAllTests(JUnitPlatformProvider.java:150) ~[surefire-junit-platform-2.22.2.jar:2.22.2]
	at org.apache.maven.surefire.junitplatform.JUnitPlatformProvider.invoke(JUnitPlatformProvider.java:124) ~[surefire-junit-platform-2.22.2.jar:2.22.2]
	at org.apache.maven.surefire.booter.ForkedBooter.invokeProviderInSameClassLoader(ForkedBooter.java:384) ~[surefire-booter-2.22.2.jar:2.22.2]
	at org.apache.maven.surefire.booter.ForkedBooter.runSuitesInProcess(ForkedBooter.java:345) ~[surefire-booter-2.22.2.jar:2.22.2]
	at org.apache.maven.surefire.booter.ForkedBooter.execute(ForkedBooter.java:126) ~[surefire-booter-2.22.2.jar:2.22.2]
	at org.apache.maven.surefire.booter.ForkedBooter.main(ForkedBooter.java:418) ~[surefire-booter-2.22.2.jar:2.22.2]
Caused by: org.springframework.beans.BeanInstantiationException: Failed to instantiate [org.springframework.data.mongodb.core.MongoDatabaseFactorySupport]: Database name must not be empty!
	at org.springframework.beans.factory.support.SimpleInstantiationStrategy.instantiate(SimpleInstantiationStrategy.java:161) ~[spring-beans-6.0.0-SNAPSHOT.jar:6.0.0-SNAPSHOT]
	at org.springframework.beans.factory.support.ConstructorResolver.instantiate(ConstructorResolver.java:629) ~[spring-beans-6.0.0-SNAPSHOT.jar:6.0.0-SNAPSHOT]
	... 85 common frames omitted
Caused by: java.lang.IllegalArgumentException: Database name must not be empty!
	at org.springframework.util.Assert.hasText(Assert.java:289) ~[spring-core-6.0.0-SNAPSHOT.jar:6.0.0-SNAPSHOT]
	at org.springframework.data.mongodb.core.MongoDatabaseFactorySupport.<init>(MongoDatabaseFactorySupport.java:68) ~[spring-data-mongodb-4.0.0-M4.jar:4.0.0-M4]
	at org.springframework.data.mongodb.core.SimpleMongoClientDatabaseFactory.<init>(SimpleMongoClientDatabaseFactory.java:75) ~[spring-data-mongodb-4.0.0-M4.jar:4.0.0-M4]
	at org.springframework.data.mongodb.core.SimpleMongoClientDatabaseFactory.<init>(SimpleMongoClientDatabaseFactory.java:64) ~[spring-data-mongodb-4.0.0-M4.jar:4.0.0-M4]
	at org.springframework.boot.autoconfigure.data.mongo.MongoDatabaseFactoryConfiguration.mongoDatabaseFactory(MongoDatabaseFactoryConfiguration.java:43) ~[spring-boot-autoconfigure-3.0.0-SNAPSHOT.jar:3.0.0-SNAPSHOT]
	at java.base/jdk.internal.reflect.DirectMethodHandleAccessor.invoke(DirectMethodHandleAccessor.java:104) ~[na:na]
	at java.base/java.lang.reflect.Method.invoke(Method.java:577) ~[na:na]
	at org.springframework.beans.factory.support.SimpleInstantiationStrategy.instantiate(SimpleInstantiationStrategy.java:130) ~[spring-beans-6.0.0-SNAPSHOT.jar:6.0.0-SNAPSHOT]
	... 86 common frames omitted

2022-07-05T17:58:38.885-03:00 ERROR 5548 --- [           main] o.s.test.context.TestContextManager      : Caught exception while allowing TestExecutionListener [org.springframework.test.context.web.ServletTestExecutionListener@2421cc4] to prepare test instance [com.example.webmusicplayer.WebMusicPlayerApplicationTests@4cdba2ed]

java.lang.IllegalStateException: Failed to load ApplicationContext
	at org.springframework.test.context.cache.DefaultCacheAwareContextLoaderDelegate.loadContext(DefaultCacheAwareContextLoaderDelegate.java:131) ~[spring-test-6.0.0-SNAPSHOT.jar:6.0.0-SNAPSHOT]
	at org.springframework.test.context.support.DefaultTestContext.getApplicationContext(DefaultTestContext.java:124) ~[spring-test-6.0.0-SNAPSHOT.jar:6.0.0-SNAPSHOT]
	at org.springframework.test.context.web.ServletTestExecutionListener.setUpRequestContextIfNecessary(ServletTestExecutionListener.java:189) ~[spring-test-6.0.0-SNAPSHOT.jar:6.0.0-SNAPSHOT]
	at org.springframework.test.context.web.ServletTestExecutionListener.prepareTestInstance(ServletTestExecutionListener.java:131) ~[spring-test-6.0.0-SNAPSHOT.jar:6.0.0-SNAPSHOT]
	at org.springframework.test.context.TestContextManager.prepareTestInstance(TestContextManager.java:248) ~[spring-test-6.0.0-SNAPSHOT.jar:6.0.0-SNAPSHOT]
	at org.springframework.test.context.junit.jupiter.SpringExtension.postProcessTestInstance(SpringExtension.java:138) ~[spring-test-6.0.0-SNAPSHOT.jar:6.0.0-SNAPSHOT]
	at org.junit.jupiter.engine.descriptor.ClassBasedTestDescriptor.lambda$invokeTestInstancePostProcessors$8(ClassBasedTestDescriptor.java:363) ~[junit-jupiter-engine-5.8.2.jar:5.8.2]
	at org.junit.jupiter.engine.descriptor.ClassBasedTestDescriptor.executeAndMaskThrowable(ClassBasedTestDescriptor.java:368) ~[junit-jupiter-engine-5.8.2.jar:5.8.2]
	at org.junit.jupiter.engine.descriptor.ClassBasedTestDescriptor.lambda$invokeTestInstancePostProcessors$9(ClassBasedTestDescriptor.java:363) ~[junit-jupiter-engine-5.8.2.jar:5.8.2]
	at java.base/java.util.stream.ReferencePipeline$3$1.accept(ReferencePipeline.java:197) ~[na:na]
	at java.base/java.util.stream.ReferencePipeline$2$1.accept(ReferencePipeline.java:179) ~[na:na]
	at java.base/java.util.ArrayList$ArrayListSpliterator.forEachRemaining(ArrayList.java:1625) ~[na:na]
	at java.base/java.util.stream.AbstractPipeline.copyInto(AbstractPipeline.java:509) ~[na:na]
	at java.base/java.util.stream.AbstractPipeline.wrapAndCopyInto(AbstractPipeline.java:499) ~[na:na]
	at java.base/java.util.stream.StreamSpliterators$WrappingSpliterator.forEachRemaining(StreamSpliterators.java:310) ~[na:na]
	at java.base/java.util.stream.Streams$ConcatSpliterator.forEachRemaining(Streams.java:735) ~[na:na]
	at java.base/java.util.stream.Streams$ConcatSpliterator.forEachRemaining(Streams.java:734) ~[na:na]
	at java.base/java.util.stream.ReferencePipeline$Head.forEach(ReferencePipeline.java:762) ~[na:na]
	at org.junit.jupiter.engine.descriptor.ClassBasedTestDescriptor.invokeTestInstancePostProcessors(ClassBasedTestDescriptor.java:362) ~[junit-jupiter-engine-5.8.2.jar:5.8.2]
	at org.junit.jupiter.engine.descriptor.ClassBasedTestDescriptor.lambda$instantiateAndPostProcessTestInstance$6(ClassBasedTestDescriptor.java:283) ~[junit-jupiter-engine-5.8.2.jar:5.8.2]
	at org.junit.platform.engine.support.hierarchical.ThrowableCollector.execute(ThrowableCollector.java:73) ~[junit-platform-engine-1.8.2.jar:1.8.2]
	at org.junit.jupiter.engine.descriptor.ClassBasedTestDescriptor.instantiateAndPostProcessTestInstance(ClassBasedTestDescriptor.java:282) ~[junit-jupiter-engine-5.8.2.jar:5.8.2]
	at org.junit.jupiter.engine.descriptor.ClassBasedTestDescriptor.lambda$testInstancesProvider$4(ClassBasedTestDescriptor.java:272) ~[junit-jupiter-engine-5.8.2.jar:5.8.2]
	at java.base/java.util.Optional.orElseGet(Optional.java:364) ~[na:na]
	at org.junit.jupiter.engine.descriptor.ClassBasedTestDescriptor.lambda$testInstancesProvider$5(ClassBasedTestDescriptor.java:271) ~[junit-jupiter-engine-5.8.2.jar:5.8.2]
	at org.junit.jupiter.engine.execution.TestInstancesProvider.getTestInstances(TestInstancesProvider.java:31) ~[junit-jupiter-engine-5.8.2.jar:5.8.2]
	at org.junit.jupiter.engine.descriptor.TestMethodTestDescriptor.lambda$prepare$0(TestMethodTestDescriptor.java:102) ~[junit-jupiter-engine-5.8.2.jar:5.8.2]
	at org.junit.platform.engine.support.hierarchical.ThrowableCollector.execute(ThrowableCollector.java:73) ~[junit-platform-engine-1.8.2.jar:1.8.2]
	at org.junit.jupiter.engine.descriptor.TestMethodTestDescriptor.prepare(TestMethodTestDescriptor.java:101) ~[junit-jupiter-engine-5.8.2.jar:5.8.2]
	at org.junit.jupiter.engine.descriptor.TestMethodTestDescriptor.prepare(TestMethodTestDescriptor.java:66) ~[junit-jupiter-engine-5.8.2.jar:5.8.2]
	at org.junit.platform.engine.support.hierarchical.NodeTestTask.lambda$prepare$2(NodeTestTask.java:123) ~[junit-platform-engine-1.8.2.jar:1.8.2]
	at org.junit.platform.engine.support.hierarchical.ThrowableCollector.execute(ThrowableCollector.java:73) ~[junit-platform-engine-1.8.2.jar:1.8.2]
	at org.junit.platform.engine.support.hierarchical.NodeTestTask.prepare(NodeTestTask.java:123) ~[junit-platform-engine-1.8.2.jar:1.8.2]
	at org.junit.platform.engine.support.hierarchical.NodeTestTask.execute(NodeTestTask.java:90) ~[junit-platform-engine-1.8.2.jar:1.8.2]
	at java.base/java.util.ArrayList.forEach(ArrayList.java:1511) ~[na:na]
	at org.junit.platform.engine.support.hierarchical.SameThreadHierarchicalTestExecutorService.invokeAll(SameThreadHierarchicalTestExecutorService.java:41) ~[junit-platform-engine-1.8.2.jar:1.8.2]
	at org.junit.platform.engine.support.hierarchical.NodeTestTask.lambda$executeRecursively$6(NodeTestTask.java:155) ~[junit-platform-engine-1.8.2.jar:1.8.2]
	at org.junit.platform.engine.support.hierarchical.ThrowableCollector.execute(ThrowableCollector.java:73) ~[junit-platform-engine-1.8.2.jar:1.8.2]
	at org.junit.platform.engine.support.hierarchical.NodeTestTask.lambda$executeRecursively$8(NodeTestTask.java:141) ~[junit-platform-engine-1.8.2.jar:1.8.2]
	at org.junit.platform.engine.support.hierarchical.Node.around(Node.java:137) ~[junit-platform-engine-1.8.2.jar:1.8.2]
	at org.junit.platform.engine.support.hierarchical.NodeTestTask.lambda$executeRecursively$9(NodeTestTask.java:139) ~[junit-platform-engine-1.8.2.jar:1.8.2]
	at org.junit.platform.engine.support.hierarchical.ThrowableCollector.execute(ThrowableCollector.java:73) ~[junit-platform-engine-1.8.2.jar:1.8.2]
	at org.junit.platform.engine.support.hierarchical.NodeTestTask.executeRecursively(NodeTestTask.java:138) ~[junit-platform-engine-1.8.2.jar:1.8.2]
	at org.junit.platform.engine.support.hierarchical.NodeTestTask.execute(NodeTestTask.java:95) ~[junit-platform-engine-1.8.2.jar:1.8.2]
	at java.base/java.util.ArrayList.forEach(ArrayList.java:1511) ~[na:na]
	at org.junit.platform.engine.support.hierarchical.SameThreadHierarchicalTestExecutorService.invokeAll(SameThreadHierarchicalTestExecutorService.java:41) ~[junit-platform-engine-1.8.2.jar:1.8.2]
	at org.junit.platform.engine.support.hierarchical.NodeTestTask.lambda$executeRecursively$6(NodeTestTask.java:155) ~[junit-platform-engine-1.8.2.jar:1.8.2]
	at org.junit.platform.engine.support.hierarchical.ThrowableCollector.execute(ThrowableCollector.java:73) ~[junit-platform-engine-1.8.2.jar:1.8.2]
	at org.junit.platform.engine.support.hierarchical.NodeTestTask.lambda$executeRecursively$8(NodeTestTask.java:141) ~[junit-platform-engine-1.8.2.jar:1.8.2]
	at org.junit.platform.engine.support.hierarchical.Node.around(Node.java:137) ~[junit-platform-engine-1.8.2.jar:1.8.2]
	at org.junit.platform.engine.support.hierarchical.NodeTestTask.lambda$executeRecursively$9(NodeTestTask.java:139) ~[junit-platform-engine-1.8.2.jar:1.8.2]
	at org.junit.platform.engine.support.hierarchical.ThrowableCollector.execute(ThrowableCollector.java:73) ~[junit-platform-engine-1.8.2.jar:1.8.2]
	at org.junit.platform.engine.support.hierarchical.NodeTestTask.executeRecursively(NodeTestTask.java:138) ~[junit-platform-engine-1.8.2.jar:1.8.2]
	at org.junit.platform.engine.support.hierarchical.NodeTestTask.execute(NodeTestTask.java:95) ~[junit-platform-engine-1.8.2.jar:1.8.2]
	at org.junit.platform.engine.support.hierarchical.SameThreadHierarchicalTestExecutorService.submit(SameThreadHierarchicalTestExecutorService.java:35) ~[junit-platform-engine-1.8.2.jar:1.8.2]
	at org.junit.platform.engine.support.hierarchical.HierarchicalTestExecutor.execute(HierarchicalTestExecutor.java:57) ~[junit-platform-engine-1.8.2.jar:1.8.2]
	at org.junit.platform.engine.support.hierarchical.HierarchicalTestEngine.execute(HierarchicalTestEngine.java:54) ~[junit-platform-engine-1.8.2.jar:1.8.2]
	at org.junit.platform.launcher.core.DefaultLauncher.execute(DefaultLauncher.java:220) ~[junit-platform-launcher-1.3.1.jar:1.3.1]
	at org.junit.platform.launcher.core.DefaultLauncher.lambda$execute$6(DefaultLauncher.java:188) ~[junit-platform-launcher-1.3.1.jar:1.3.1]
	at org.junit.platform.launcher.core.DefaultLauncher.withInterceptedStreams(DefaultLauncher.java:202) ~[junit-platform-launcher-1.3.1.jar:1.3.1]
	at org.junit.platform.launcher.core.DefaultLauncher.execute(DefaultLauncher.java:181) ~[junit-platform-launcher-1.3.1.jar:1.3.1]
	at org.junit.platform.launcher.core.DefaultLauncher.execute(DefaultLauncher.java:128) ~[junit-platform-launcher-1.3.1.jar:1.3.1]
	at org.apache.maven.surefire.junitplatform.JUnitPlatformProvider.invokeAllTests(JUnitPlatformProvider.java:150) ~[surefire-junit-platform-2.22.2.jar:2.22.2]
	at org.apache.maven.surefire.junitplatform.JUnitPlatformProvider.invoke(JUnitPlatformProvider.java:124) ~[surefire-junit-platform-2.22.2.jar:2.22.2]
	at org.apache.maven.surefire.booter.ForkedBooter.invokeProviderInSameClassLoader(ForkedBooter.java:384) ~[surefire-booter-2.22.2.jar:2.22.2]
	at org.apache.maven.surefire.booter.ForkedBooter.runSuitesInProcess(ForkedBooter.java:345) ~[surefire-booter-2.22.2.jar:2.22.2]
	at org.apache.maven.surefire.booter.ForkedBooter.execute(ForkedBooter.java:126) ~[surefire-booter-2.22.2.jar:2.22.2]
	at org.apache.maven.surefire.booter.ForkedBooter.main(ForkedBooter.java:418) ~[surefire-booter-2.22.2.jar:2.22.2]
Caused by: org.springframework.beans.factory.BeanCreationException: Error creating bean with name 'mongoDatabaseFactory' defined in class path resource [org/springframework/boot/autoconfigure/data/mongo/MongoDatabaseFactoryConfiguration.class]: Failed to instantiate [org.springframework.data.mongodb.core.MongoDatabaseFactorySupport]: Database name must not be empty!
	at org.springframework.beans.factory.support.ConstructorResolver.instantiate(ConstructorResolver.java:633) ~[spring-beans-6.0.0-SNAPSHOT.jar:6.0.0-SNAPSHOT]
	at org.springframework.beans.factory.support.ConstructorResolver.instantiateUsingFactoryMethod(ConstructorResolver.java:621) ~[spring-beans-6.0.0-SNAPSHOT.jar:6.0.0-SNAPSHOT]
	at org.springframework.beans.factory.support.AbstractAutowireCapableBeanFactory.instantiateUsingFactoryMethod(AbstractAutowireCapableBeanFactory.java:1323) ~[spring-beans-6.0.0-SNAPSHOT.jar:6.0.0-SNAPSHOT]
	at org.springframework.beans.factory.support.AbstractAutowireCapableBeanFactory.createBeanInstance(AbstractAutowireCapableBeanFactory.java:1160) ~[spring-beans-6.0.0-SNAPSHOT.jar:6.0.0-SNAPSHOT]
	at org.springframework.beans.factory.support.AbstractAutowireCapableBeanFactory.doCreateBean(AbstractAutowireCapableBeanFactory.java:566) ~[spring-beans-6.0.0-SNAPSHOT.jar:6.0.0-SNAPSHOT]
	at org.springframework.beans.factory.support.AbstractAutowireCapableBeanFactory.createBean(AbstractAutowireCapableBeanFactory.java:526) ~[spring-beans-6.0.0-SNAPSHOT.jar:6.0.0-SNAPSHOT]
	at org.springframework.beans.factory.support.AbstractBeanFactory.lambda$doGetBean$0(AbstractBeanFactory.java:326) ~[spring-beans-6.0.0-SNAPSHOT.jar:6.0.0-SNAPSHOT]
	at org.springframework.beans.factory.support.DefaultSingletonBeanRegistry.getSingleton(DefaultSingletonBeanRegistry.java:234) ~[spring-beans-6.0.0-SNAPSHOT.jar:6.0.0-SNAPSHOT]
	at org.springframework.beans.factory.support.AbstractBeanFactory.doGetBean(AbstractBeanFactory.java:324) ~[spring-beans-6.0.0-SNAPSHOT.jar:6.0.0-SNAPSHOT]
	at org.springframework.beans.factory.support.AbstractBeanFactory.getBean(AbstractBeanFactory.java:200) ~[spring-beans-6.0.0-SNAPSHOT.jar:6.0.0-SNAPSHOT]
	at org.springframework.beans.factory.support.DefaultListableBeanFactory.preInstantiateSingletons(DefaultListableBeanFactory.java:930) ~[spring-beans-6.0.0-SNAPSHOT.jar:6.0.0-SNAPSHOT]
	at org.springframework.context.support.AbstractApplicationContext.finishBeanFactoryInitialization(AbstractApplicationContext.java:926) ~[spring-context-6.0.0-SNAPSHOT.jar:6.0.0-SNAPSHOT]
	at org.springframework.context.support.AbstractApplicationContext.refresh(AbstractApplicationContext.java:592) ~[spring-context-6.0.0-SNAPSHOT.jar:6.0.0-SNAPSHOT]
	at org.springframework.boot.SpringApplication.refresh(SpringApplication.java:729) ~[spring-boot-3.0.0-SNAPSHOT.jar:3.0.0-SNAPSHOT]
	at org.springframework.boot.SpringApplication.refreshContext(SpringApplication.java:428) ~[spring-boot-3.0.0-SNAPSHOT.jar:3.0.0-SNAPSHOT]
	at org.springframework.boot.SpringApplication.run(SpringApplication.java:310) ~[spring-boot-3.0.0-SNAPSHOT.jar:3.0.0-SNAPSHOT]
	at org.springframework.boot.test.context.SpringBootContextLoader.loadContext(SpringBootContextLoader.java:132) ~[spring-boot-test-3.0.0-SNAPSHOT.jar:3.0.0-SNAPSHOT]
	at org.springframework.test.context.cache.DefaultCacheAwareContextLoaderDelegate.loadContextInternal(DefaultCacheAwareContextLoaderDelegate.java:98) ~[spring-test-6.0.0-SNAPSHOT.jar:6.0.0-SNAPSHOT]
	at org.springframework.test.context.cache.DefaultCacheAwareContextLoaderDelegate.loadContext(DefaultCacheAwareContextLoaderDelegate.java:123) ~[spring-test-6.0.0-SNAPSHOT.jar:6.0.0-SNAPSHOT]
	... 67 common frames omitted
Caused by: org.springframework.beans.BeanInstantiationException: Failed to instantiate [org.springframework.data.mongodb.core.MongoDatabaseFactorySupport]: Database name must not be empty!
	at org.springframework.beans.factory.support.SimpleInstantiationStrategy.instantiate(SimpleInstantiationStrategy.java:161) ~[spring-beans-6.0.0-SNAPSHOT.jar:6.0.0-SNAPSHOT]
	at org.springframework.beans.factory.support.ConstructorResolver.instantiate(ConstructorResolver.java:629) ~[spring-beans-6.0.0-SNAPSHOT.jar:6.0.0-SNAPSHOT]
	... 85 common frames omitted
Caused by: java.lang.IllegalArgumentException: Database name must not be empty!
	at org.springframework.util.Assert.hasText(Assert.java:289) ~[spring-core-6.0.0-SNAPSHOT.jar:6.0.0-SNAPSHOT]
	at org.springframework.data.mongodb.core.MongoDatabaseFactorySupport.<init>(MongoDatabaseFactorySupport.java:68) ~[spring-data-mongodb-4.0.0-M4.jar:4.0.0-M4]
	at org.springframework.data.mongodb.core.SimpleMongoClientDatabaseFactory.<init>(SimpleMongoClientDatabaseFactory.java:75) ~[spring-data-mongodb-4.0.0-M4.jar:4.0.0-M4]
	at org.springframework.data.mongodb.core.SimpleMongoClientDatabaseFactory.<init>(SimpleMongoClientDatabaseFactory.java:64) ~[spring-data-mongodb-4.0.0-M4.jar:4.0.0-M4]
	at org.springframework.boot.autoconfigure.data.mongo.MongoDatabaseFactoryConfiguration.mongoDatabaseFactory(MongoDatabaseFactoryConfiguration.java:43) ~[spring-boot-autoconfigure-3.0.0-SNAPSHOT.jar:3.0.0-SNAPSHOT]
	at java.base/jdk.internal.reflect.DirectMethodHandleAccessor.invoke(DirectMethodHandleAccessor.java:104) ~[na:na]
	at java.base/java.lang.reflect.Method.invoke(Method.java:577) ~[na:na]
	at org.springframework.beans.factory.support.SimpleInstantiationStrategy.instantiate(SimpleInstantiationStrategy.java:130) ~[spring-beans-6.0.0-SNAPSHOT.jar:6.0.0-SNAPSHOT]
	... 86 common frames omitted

]]></system-out>
  </testcase>
</testsuite>